#
# A fatal error has been detected by the Java Runtime Environment:
#
#  EXCEPTION_ACCESS_VIOLATION (0xc0000005) at pc=0x000001a9e7880fa4, pid=25828, tid=23160
#
# JRE version: OpenJDK Runtime Environment Temurin-21.0.3+9 (21.0.3+9) (build 21.0.3+9-LTS)
# Java VM: OpenJDK 64-Bit Server VM Temurin-21.0.3+9 (21.0.3+9-LTS, mixed mode, emulated-client, sharing, tiered, compressed oops, compressed class ptrs, g1 gc, windows-amd64)
# Problematic frame:
# v  ~BufferBlob::MethodHandles adapters 0x000001a9e7880fa4
#
# No core dump will be written. Minidumps are not enabled by default on client versions of Windows
#
# If you would like to submit a bug report, please visit:
#   https://github.com/adoptium/adoptium-support/issues
#

---------------  S U M M A R Y ------------

Command Line: -XX:+ShowCodeDetailsInExceptionMessages -agentlib:jdwp=transport=dt_socket,suspend=y,address=localhost:53621 -Dcom.sun.management.jmxremote -Dcom.sun.management.jmxremote.port=53620 -Dcom.sun.management.jmxremote.authenticate=false -Dcom.sun.management.jmxremote.ssl=false -Djava.rmi.server.hostname=localhost -Dspring.jmx.enabled=true -Dmanagement.endpoints.jmx.exposure.include=* -Dspring.application.admin.enabled=true -XX:TieredStopAtLevel=1 -Dspring.boot.project.name=ankiapp -javaagent:C:\pleiades\2023-06\eclipse\configuration\org.eclipse.osgi\965\0\.cp\lib\javaagent-shaded.jar -Dfile.encoding=UTF-8 -Dstdout.encoding=UTF-8 -Dstderr.encoding=UTF-8 com.example.ankiapp.AnkiappApplication --spring.output.ansi.enabled=always

Host: 13th Gen Intel(R) Core(TM) i7-1360P, 16 cores, 31G,  Windows 11 , 64 bit Build 26100 (10.0.26100.2454)
Time: Wed Dec 11 10:15:41 2024  Windows 11 , 64 bit Build 26100 (10.0.26100.2454) elapsed time: 189.549862 seconds (0d 0h 3m 9s)

---------------  T H R E A D  ---------------

Current thread (0x000001a9fdf7e010):  JavaThread "http-nio-8080-exec-5" daemon [_thread_in_Java, id=23160, stack(0x0000005cf2d00000,0x0000005cf2e00000) (1024K)]

Stack: [0x0000005cf2d00000,0x0000005cf2e00000],  sp=0x0000005cf2dfad28,  free space=1003k
Native frames: (J=compiled Java code, j=interpreted, Vv=VM code, C=native code)
C  0x000001a9e7880fa4

The last pc belongs to _linkToVirtual (printed below).

siginfo: EXCEPTION_ACCESS_VIOLATION (0xc0000005), reading address 0x000001b279a8043b


Registers:
RAX=0x000001a9e785958b, RBX=0x0000000609d0acd0, RCX=0x0000005cf2dfad38, RDX=0x0000000000000003
RSP=0x0000005cf2dfad28, RBP=0x0000005cf2dfad80, RSI=0x000001a9c2b25098, RDI=0x000001a9c27ed810
R8 =0x0000000000000004, R9 =0x0000000000000004, R10=0x000001aa79a80273, R11=0x0000000100000000
R12=0x0000000000000000, R13=0x0000005cf2dfad28, R14=0x0000005cf2dfada8, R15=0x000001a9fdf7e010
RIP=0x000001a9e7880fa4, EFLAGS=0x0000000000010202


Register to memory mapping:

RAX=0x000001a9e785958b is at code_begin+4363 in an Interpreter codelet
return entry points  [0x000001a9e7858480, 0x000001a9e785a298]  7704 bytes
RBX=0x0000000609d0acd0 is an oop: org.springframework.validation.support.BindingAwareModelMap 
{0x0000000609d0acd0} - klass: 'org/springframework/validation/support/BindingAwareModelMap'
 - ---- fields (total size 8 words):
 - transient 'keySet' 'Ljava/util/Set;' @12  null (0x00000000)
 - transient 'values' 'Ljava/util/Collection;' @16  null (0x00000000)
 - transient 'size' 'I' @20  1 (0x00000001)
 - transient 'modCount' 'I' @24  1 (0x00000001)
 - 'threshold' 'I' @28  12 (0x0000000c)
 - final 'loadFactor' 'F' @32  0.750000 (0x3f400000)
 - transient 'table' '[Ljava/util/HashMap$Node;' @36  a 'java/util/HashMap$Node'[16] {0x0000000609d0ad10} (0xc13a15a2)
 - transient 'entrySet' 'Ljava/util/Set;' @40  null (0x00000000)
 - transient 'putMode' 'I' @44  0 (0x00000000)
 - final 'accessOrder' 'Z' @48  false (0x00)
 - transient 'head' 'Ljava/util/LinkedHashMap$Entry;' @52  a 'java/util/LinkedHashMap$Entry'{0x0000000609d0ad60} (0xc13a15ac)
 - transient 'tail' 'Ljava/util/LinkedHashMap$Entry;' @56  a 'java/util/LinkedHashMap$Entry'{0x0000000609d0ad60} (0xc13a15ac)
RCX=0x0000005cf2dfad38 is pointing into the stack for thread: 0x000001a9fdf7e010
RDX=0x0000000000000003 is an unknown value
RSP=0x0000005cf2dfad28 is pointing into the stack for thread: 0x000001a9fdf7e010
RBP=0x0000005cf2dfad80 is pointing into the stack for thread: 0x000001a9fdf7e010
RSI=0x000001a9c2b25098 points into unknown readable memory: 0x800033aec5eb8a53 | 53 8a eb c5 ae 33 00 80
RDI=0x000001a9c27ed810 points into unknown readable memory: 0x0000002000000070 | 70 00 00 00 20 00 00 00
R8 =0x0000000000000004 is an unknown value
R9 =0x0000000000000004 is an unknown value
R10=0x000001aa79a80273 is an unknown value
R11=0x0000000100000000 is an unknown value
R12=0x0 is null
R13=0x0000005cf2dfad28 is pointing into the stack for thread: 0x000001a9fdf7e010
R14=0x0000005cf2dfada8 is pointing into the stack for thread: 0x000001a9fdf7e010
R15=0x000001a9fdf7e010 is a thread

Top of Stack: (sp=0x0000005cf2dfad28)
0x0000005cf2dfad28:   000001a9e785958b 0000000609c2e6e0
0x0000005cf2dfad38:   0000005cf2dfad38 000001a9f9a80273
0x0000005cf2dfad48:   0000000000000005 000001a9f9a803c0
0x0000005cf2dfad58:   000001a9e7ef71fc 00000006061d7008
0x0000005cf2dfad68:   000001a9f9a80280 0000005cf2dfad28
0x0000005cf2dfad78:   0000005cf2dfadb0 0000005cf2dfae18
0x0000005cf2dfad88:   000001a9e785958b 0000000609c2e780
0x0000005cf2dfad98:   0000000609d0acd0 0000000609c2e6e0
0x0000005cf2dfada8:   0000000609c2e758 000001a9e785958b
0x0000005cf2dfadb8:   00000006105c4000 000000060fffc350
0x0000005cf2dfadc8:   000000060fdafd38 0000005cf2dfadd0
0x0000005cf2dfadd8:   000001a9f9879ad4 0000000000000009
0x0000005cf2dfade8:   000001a9f9879c20 0000000000000000
0x0000005cf2dfadf8:   00000006061efca0 000001a9f9879ae0
0x0000005cf2dfae08:   0000005cf2dfadb8 0000005cf2dfae70
0x0000005cf2dfae18:   0000005cf2dfb128 000001a9e83815aa
0x0000005cf2dfae28:   0000000609c2e758 0000000609d0acd0
0x0000005cf2dfae38:   0000000609c2e808 0000000609c2e6e0
0x0000005cf2dfae48:   0000000609c2e7e0 0000000609d0acd0
0x0000005cf2dfae58:   0000000609c2e6e0 0000000609c2e7b0
0x0000005cf2dfae68:   000001a9e8380cfc 00000000f966b0d0
0x0000005cf2dfae78:   0000000000000000 000000060ff2a8a8
0x0000005cf2dfae88:   000000060623ca08 0000000000000000
0x0000005cf2dfae98:   0000000000000000 0000005cf2df9cb0
0x0000005cf2dfaea8:   00007fffc62c6df8 0000005cf2df9ad0
0x0000005cf2dfaeb8:   00007fffc68bf5e5 0000005cf2dfb128
0x0000005cf2dfaec8:   000001a9e7c0314c 0000005cf2dfaf48
0x0000005cf2dfaed8:   0000000000000001 0000000000000000
0x0000005cf2dfaee8:   0000000000000c00 0000000000000000
0x0000005cf2dfaef8:   0000000000000000 0000000000000000
0x0000005cf2dfaf08:   0000000000000000 0000000000000000
0x0000005cf2dfaf18:   0000000000000000 0000000609c2e830 

Instructions: (pc=0x000001a9e7880fa4)
0x000001a9e7880ea4:   a9 01 00 00 00 0f 88 e7 a9 01 00 00 80 1f 88 e7
0x000001a9e7880eb4:   a9 01 00 00 f0 0e 88 e7 a9 01 00 00 f0 0e 88 e7
0x000001a9e7880ec4:   a9 01 00 00 00 00 00 00 00 00 00 00 d8 e6 b1 c6
0x000001a9e7880ed4:   ff 7f 00 00 f0 10 00 00 60 00 00 00 ff ff ff ff
0x000001a9e7880ee4:   f0 10 00 00 00 00 00 00 00 00 00 00 00 00 00 00
0x000001a9e7880ef4:   00 00 00 00 00 00 00 00 00 00 00 00 f4 66 66 66
0x000001a9e7880f04:   0f 1f 84 00 00 00 00 00 66 66 66 90 66 66 66 0f
0x000001a9e7880f14:   1f 84 00 00 00 00 00 66 66 66 90 90 48 8b 53 08
0x000001a9e7880f24:   0f b7 52 2e 48 8b 0c d4 8b 59 14 48 c1 e3 03 8b
0x000001a9e7880f34:   5b 28 48 c1 e3 03 8b 5b 24 48 c1 e3 03 48 8b 5b
0x000001a9e7880f44:   10 48 85 db 0f 84 10 00 00 00 41 80 bf e0 05 00
0x000001a9e7880f54:   00 00 74 03 ff 63 38 ff 63 50 e9 9d 16 00 00 66
0x000001a9e7880f64:   66 66 0f 1f 84 00 00 00 00 00 66 66 66 90 66 66
0x000001a9e7880f74:   0f 1f 84 00 00 00 00 00 66 66 66 90 48 8b 53 08
0x000001a9e7880f84:   0f b7 52 2e 48 8b 0c d4 58 5b 50 44 8b 51 08 49
0x000001a9e7880f94:   bb 00 00 00 80 a9 01 00 00 4d 03 d3 4c 8b 5b 10
0x000001a9e7880fa4:   4b 8b 9c da c8 01 00 00 48 85 db 0f 84 10 00 00
0x000001a9e7880fb4:   00 41 80 bf e0 05 00 00 00 74 03 ff 63 38 ff 63
0x000001a9e7880fc4:   50 e9 36 16 00 00 66 66 66 0f 1f 84 00 00 00 00
0x000001a9e7880fd4:   00 66 66 66 90 0f 1f 80 00 00 00 00 58 5b 50 8b
0x000001a9e7880fe4:   5b 24 48 c1 e3 03 48 8b 5b 10 48 85 db 0f 84 10
0x000001a9e7880ff4:   00 00 00 41 80 bf e0 05 00 00 00 74 03 ff 63 38
0x000001a9e7881004:   ff 63 50 e9 f4 15 00 00 66 66 66 0f 1f 84 00 00
0x000001a9e7881014:   00 00 00 66 66 66 90 0f 1f 44 00 00 48 8b 53 08
0x000001a9e7881024:   0f b7 52 2e 48 8b 0c d4 58 5b 50 48 3b 01 8b 5b
0x000001a9e7881034:   24 48 c1 e3 03 48 8b 5b 10 48 85 db 0f 84 10 00
0x000001a9e7881044:   00 00 41 80 bf e0 05 00 00 00 74 03 ff 63 38 ff
0x000001a9e7881054:   63 50 e9 a5 15 00 00 0f 1f 44 00 00 48 8b 53 08
0x000001a9e7881064:   0f b7 52 2e 48 8b 0c d4 58 5b 50 44 8b 51 08 49
0x000001a9e7881074:   bb 00 00 00 80 a9 01 00 00 4d 03 d3 8b 43 18 48
0x000001a9e7881084:   c1 e0 03 48 8b 40 10 48 8b 5b 10 45 8b 9a a0 00
0x000001a9e7881094:   00 00 4f 8d 9c da c8 01 00 00 4d 8d 14 da 49 8b 


Stack slot to memory mapping:

stack at sp + 0 slots: 0x000001a9e785958b is at code_begin+4363 in an Interpreter codelet
return entry points  [0x000001a9e7858480, 0x000001a9e785a298]  7704 bytes
stack at sp + 1 slots: 0x0000000609c2e6e0 is an oop: com.example.ankiapp.controller.CardDisplayController 
{0x0000000609c2e6e0} - klass: 'com/example/ankiapp/controller/CardDisplayController'
 - ---- fields (total size 4 words):
 - private final 'cardDisplayService' 'Lcom/example/ankiapp/service/CardDisplayService;' @12  a 'com/example/ankiapp/service/CardDisplayServiceImpl$$SpringCGLIB$$0'{0x00000006075c9000} (0xc0eb9200)
 - private final 'deckInfoService' 'Lcom/example/ankiapp/service/DeckInfoService;' @16  a 'com/example/ankiapp/service/DeckInfoServiceImpl$$SpringCGLIB$$0'{0x0000000609f6d768} (0xc13edaed)
 - private final 'imageStorageService' 'Lcom/example/ankiapp/service/ImageStorageService;' @20  a 'com/example/ankiapp/service/ImageStorageServiceImpl$$SpringCGLIB$$0'{0x00000006075c78f8} (0xc0eb8f1f)
 - private 'baseImageFolder' 'Ljava/lang/String;' @24  "C:\work"{0x0000000607346778} (0xc0e68cef)
stack at sp + 2 slots: 0x0000005cf2dfad38 is pointing into the stack for thread: 0x000001a9fdf7e010
stack at sp + 3 slots: 0x000001a9f9a80273 is pointing into metadata
stack at sp + 4 slots: 0x0000000000000005 is an unknown value
stack at sp + 5 slots: 0x000001a9f9a803c0 is pointing into metadata
stack at sp + 6 slots: 0x000001a9e7ef71fc is at entry_point+188 in (nmethod*)0x000001a9e7ef6f90
Compiled method (c1)  189573 2299       1       java.lang.invoke.LambdaForm$MH/0x000001a981001400::invoke (25 bytes)
 total in heap  [0x000001a9e7ef6f90,0x000001a9e7ef73b8] = 1064
 relocation     [0x000001a9e7ef70f0,0x000001a9e7ef7138] = 72
 main code      [0x000001a9e7ef7140,0x000001a9e7ef7270] = 304
 stub code      [0x000001a9e7ef7270,0x000001a9e7ef72c8] = 88
 oops           [0x000001a9e7ef72c8,0x000001a9e7ef72d0] = 8
 metadata       [0x000001a9e7ef72d0,0x000001a9e7ef72d8] = 8
 scopes data    [0x000001a9e7ef72d8,0x000001a9e7ef7328] = 80
 scopes pcs     [0x000001a9e7ef7328,0x000001a9e7ef7398] = 112
 dependencies   [0x000001a9e7ef7398,0x000001a9e7ef73a0] = 8
 nul chk table  [0x000001a9e7ef73a0,0x000001a9e7ef73b8] = 24
stack at sp + 7 slots: 0x00000006061d7008 is an oop: java.lang.Class 
{0x00000006061d7008} - klass: 'java/lang/Class'
 - ---- fields (total size 15 words):
 - private volatile transient 'classRedefinedCount' 'I' @12  0 (0x00000000)
 - injected 'klass' 'J' @16  1827527065600 (0x000001a9811a0000)
 - injected 'array_klass' 'J' @24  0 (0x0000000000000000)
 - injected 'oop_size' 'I' @32  15 (0x0000000f)
 - injected 'static_oop_field_count' 'I' @36  1 (0x00000001)
 - private volatile transient 'cachedConstructor' 'Ljava/lang/reflect/Constructor;' @40  null (0x00000000)
 - private transient 'name' 'Ljava/lang/String;' @44  null (0x00000000)
 - private transient 'module' 'Ljava/lang/Module;' @48  a 'java/lang/Module'{0x00000006058bafd0} (0xc0b175fa)
 - private final 'classLoader' 'Ljava/lang/ClassLoader;' @52  null (0x00000000)
 - private transient 'classData' 'Ljava/lang/Object;' @56  a 'java/lang/invoke/LambdaForm'{0x00000006061d7540} => a 'java/lang/invoke/MemberName'{0x00000006061d7670} = {method} {0x000001a9f9a80288} 'invokeVirtual' '(Ljava/lang/Object;Ljava/lang/Object;Ljava/lang/Object;)Ljava/lang/Object;' in 'java/lang/invoke/LambdaForm$DMH+0x000001a9811a0000' (0xc0c3aea8)
 - private transient 'packageName' 'Ljava/lang/String;' @60  null (0x00000000)
 - private final 'componentType' 'Ljava/lang/Class;' @64  null (0x00000000)
 - private volatile transient 'reflectionData' 'Ljava/lang/ref/SoftReference;' @68  null (0x00000000)
 - private volatile transient 'genericInfo' 'Lsun/reflect/generics/repository/ClassRepository;' @72  null (0x00000000)
 - private volatile transient 'enumConstants' '[Ljava/lang/Object;' @76  null (0x00000000)
 - private volatile transient 'enumConstantDirectory' 'Ljava/util/Map;' @80  null (0x00000000)
 - private volatile transient 'annotationData' 'Ljava/lang/Class$AnnotationData;' @84  null (0x00000000)
 - private volatile transient 'annotationType' 'Lsun/reflect/annotation/AnnotationType;' @88  null (0x00000000)
 - transient 'classValueMap' 'Ljava/lang/ClassValue$ClassValueMap;' @92  null (0x00000000)
 - injected 'protection_domain' 'Ljava/lang/Object;' @96  null (0x00000000)
 - injected 'signers_name' 'Ljava/lang/Object;' @100  null (0x00000000)
 - injected 'source_file' 'Ljava/lang/Object;' @104  null (0x00000000)
 - signature: Ljava/lang/invoke/LambdaForm$DMH+0x000001a9811a0000;
 - ---- static fields (1):
 - static final '_D_0' 'Ljava/lang/invoke/LambdaForm;' @112  a 'java/lang/invoke/LambdaForm'{0x00000006061d7540} => a 'java/lang/invoke/MemberName'{0x00000006061d7670} = {method} {0x000001a9f9a80288} 'invokeVirtual' '(Ljava/lang/Object;Ljava/lang/Object;Ljava/lang/Object;)Ljava/lang/Object;' in 'java/lang/invoke/LambdaForm$DMH+0x000001a9811a0000' (0xc0c3aea8)

MethodHandle::interpreter_entry::_linkToVirtual [0x000001a9e7880f63, 0x000001a9e7880fca] (103 bytes)
[MachCode]
  0x000001a9e7880f63: 6666 660f | 1f84 0000 | 0000 0066 | 6666 9066 | 660f 1f84 | 0000 0000 | 0066 6666 | 9048 8b53 
  0x000001a9e7880f83: 080f b752 | 2e48 8b0c | d458 5b50 | 448b 5108 | 49bb 0000 | 0080 a901 | 0000 4d03 | d34c 8b5b 
  0x000001a9e7880fa3: 104b 8b9c | dac8 0100 | 0048 85db | 0f84 1000 | 0000 4180 | bfe0 0500 | 0000 7403 | ff63 38ff 
  0x000001a9e7880fc3: 6350 e936 | 
[/MachCode]

---------------  P R O C E S S  ---------------

Threads class SMR info:
_java_thread_list=0x000001a9fdaaef30, length=38, elements={
0x000001a9f856cf50, 0x000001a9f856e7d0, 0x000001a9f8570150, 0x000001a9f8577080,
0x000001a9f8574db0, 0x000001a9f8576380, 0x000001a9f85885d0, 0x000001a9f86d4470,
0x000001a9f8748900, 0x000001a9f874efa0, 0x000001a9f8751630, 0x000001a9f86d4b00,
0x000001a9f86d23a0, 0x000001a9f86d2a30, 0x000001a9f86d5190, 0x000001a9fdf79e70,
0x000001a9fdf7b8b0, 0x000001a9fdf7a500, 0x000001a9fdf7ab90, 0x000001a9fdf7bf40,
0x000001a9fdf78ac0, 0x000001a9fdf7c5d0, 0x000001a9fdf797e0, 0x000001a9fdf7e6a0,
0x000001a9fdf7ed30, 0x000001a9fdf7f3c0, 0x000001a9fdf7d2f0, 0x000001a9fdf7d980,
0x000001a9fdf7e010, 0x000001a9f86d3750, 0x000001a9fd7cbd80, 0x000001a9fd7cb6f0,
0x000001a9fd7cc410, 0x000001a9fd7cb060, 0x000001a9fd7ccaa0, 0x000001a9fd7ce4e0,
0x000001a9fd7cd130, 0x000001a9fd495cc0
}

Java Threads: ( => current thread )
  0x000001a9f856cf50 JavaThread "Reference Handler"          daemon [_thread_blocked, id=21056, stack(0x0000005cefa00000,0x0000005cefb00000) (1024K)]
  0x000001a9f856e7d0 JavaThread "Finalizer"                  daemon [_thread_blocked, id=18940, stack(0x0000005cefb00000,0x0000005cefc00000) (1024K)]
  0x000001a9f8570150 JavaThread "Signal Dispatcher"          daemon [_thread_blocked, id=19000, stack(0x0000005cefc00000,0x0000005cefd00000) (1024K)]
  0x000001a9f8577080 JavaThread "Attach Listener"            daemon [_thread_blocked, id=2944, stack(0x0000005cefd00000,0x0000005cefe00000) (1024K)]
  0x000001a9f8574db0 JavaThread "Service Thread"             daemon [_thread_blocked, id=21712, stack(0x0000005cefe00000,0x0000005ceff00000) (1024K)]
  0x000001a9f8576380 JavaThread "Monitor Deflation Thread"   daemon [_thread_blocked, id=27140, stack(0x0000005ceff00000,0x0000005cf0000000) (1024K)]
  0x000001a9f85885d0 JavaThread "C1 CompilerThread0"         daemon [_thread_blocked, id=9156, stack(0x0000005cf0000000,0x0000005cf0100000) (1024K)]
  0x000001a9f86d4470 JavaThread "Common-Cleaner"             daemon [_thread_blocked, id=22380, stack(0x0000005cf0200000,0x0000005cf0300000) (1024K)]
  0x000001a9f8748900 JavaThread "JDWP Transport Listener: dt_socket" daemon [_thread_blocked, id=13364, stack(0x0000005cf0300000,0x0000005cf0400000) (1024K)]
  0x000001a9f874efa0 JavaThread "JDWP Event Helper Thread"   daemon [_thread_blocked, id=27048, stack(0x0000005cf0400000,0x0000005cf0500000) (1024K)]
  0x000001a9f8751630 JavaThread "JDWP Command Reader"        daemon [_thread_in_native, id=12672, stack(0x0000005cf0500000,0x0000005cf0600000) (1024K)]
  0x000001a9f86d4b00 JavaThread "Notification Thread"        daemon [_thread_blocked, id=3496, stack(0x0000005cf0700000,0x0000005cf0800000) (1024K)]
  0x000001a9f86d23a0 JavaThread "RMI TCP Accept-0"           daemon [_thread_in_native, id=23108, stack(0x0000005cf1400000,0x0000005cf1500000) (1024K)]
  0x000001a9f86d2a30 JavaThread "RMI TCP Accept-53620"       daemon [_thread_in_native, id=27156, stack(0x0000005cf1500000,0x0000005cf1600000) (1024K)]
  0x000001a9f86d5190 JavaThread "RMI TCP Accept-0"           daemon [_thread_in_native, id=10564, stack(0x0000005cf1600000,0x0000005cf1700000) (1024K)]
  0x000001a9fdf79e70 JavaThread "RMI Scheduler(0)"           daemon [_thread_blocked, id=12744, stack(0x0000005cf1c00000,0x0000005cf1d00000) (1024K)]
  0x000001a9fdf7b8b0 JavaThread "JMX server connection timeout 56" daemon [_thread_blocked, id=13980, stack(0x0000005cf1e00000,0x0000005cf1f00000) (1024K)]
  0x000001a9fdf7a500 JavaThread "Catalina-utility-1"                [_thread_blocked, id=2360, stack(0x0000005cf1a00000,0x0000005cf1b00000) (1024K)]
  0x000001a9fdf7ab90 JavaThread "Catalina-utility-2"                [_thread_blocked, id=22596, stack(0x0000005cf2100000,0x0000005cf2200000) (1024K)]
  0x000001a9fdf7bf40 JavaThread "container-0"                       [_thread_blocked, id=27144, stack(0x0000005cf2200000,0x0000005cf2300000) (1024K)]
  0x000001a9fdf78ac0 JavaThread "PostgreSQL-JDBC-Cleaner"    daemon [_thread_blocked, id=26176, stack(0x0000005cf2400000,0x0000005cf2500000) (1024K)]
  0x000001a9fdf7c5d0 JavaThread "HikariPool-1 housekeeper"   daemon [_thread_blocked, id=23828, stack(0x0000005cf2500000,0x0000005cf2600000) (1024K)]
  0x000001a9fdf797e0 JavaThread "File Watcher"               daemon [_thread_blocked, id=27664, stack(0x0000005cf2700000,0x0000005cf2800000) (1024K)]
  0x000001a9fdf7e6a0 JavaThread "Live Reload Server"         daemon [_thread_in_native, id=8168, stack(0x0000005cf2900000,0x0000005cf2a00000) (1024K)]
  0x000001a9fdf7ed30 JavaThread "http-nio-8080-exec-1"       daemon [_thread_blocked, id=6872, stack(0x0000005cf2800000,0x0000005cf2900000) (1024K)]
  0x000001a9fdf7f3c0 JavaThread "http-nio-8080-exec-2"       daemon [_thread_blocked, id=27208, stack(0x0000005cf2a00000,0x0000005cf2b00000) (1024K)]
  0x000001a9fdf7d2f0 JavaThread "http-nio-8080-exec-3"       daemon [_thread_blocked, id=19848, stack(0x0000005cf2b00000,0x0000005cf2c00000) (1024K)]
  0x000001a9fdf7d980 JavaThread "http-nio-8080-exec-4"       daemon [_thread_blocked, id=10456, stack(0x0000005cf2c00000,0x0000005cf2d00000) (1024K)]
=>0x000001a9fdf7e010 JavaThread "http-nio-8080-exec-5"       daemon [_thread_in_Java, id=23160, stack(0x0000005cf2d00000,0x0000005cf2e00000) (1024K)]
  0x000001a9f86d3750 JavaThread "http-nio-8080-exec-6"       daemon [_thread_in_Java, id=14436, stack(0x0000005cf2e00000,0x0000005cf2f00000) (1024K)]
  0x000001a9fd7cbd80 JavaThread "http-nio-8080-exec-7"       daemon [_thread_blocked, id=27188, stack(0x0000005cf2f00000,0x0000005cf3000000) (1024K)]
  0x000001a9fd7cb6f0 JavaThread "http-nio-8080-exec-8"       daemon [_thread_in_Java, id=18096, stack(0x0000005cf3000000,0x0000005cf3100000) (1024K)]
  0x000001a9fd7cc410 JavaThread "http-nio-8080-exec-9"       daemon [_thread_blocked, id=20040, stack(0x0000005cf3100000,0x0000005cf3200000) (1024K)]
  0x000001a9fd7cb060 JavaThread "http-nio-8080-exec-10"      daemon [_thread_blocked, id=8864, stack(0x0000005cf3200000,0x0000005cf3300000) (1024K)]
  0x000001a9fd7ccaa0 JavaThread "http-nio-8080-Poller"       daemon [_thread_in_native, id=18100, stack(0x0000005cf3300000,0x0000005cf3400000) (1024K)]
  0x000001a9fd7ce4e0 JavaThread "http-nio-8080-Acceptor"     daemon [_thread_in_native, id=18768, stack(0x0000005cf3400000,0x0000005cf3500000) (1024K)]
  0x000001a9fd7cd130 JavaThread "DestroyJavaVM"                     [_thread_blocked, id=17504, stack(0x0000005cef200000,0x0000005cef300000) (1024K)]
  0x000001a9fd495cc0 JavaThread "RMI TCP Connection(11)-127.0.0.1" daemon [_thread_in_native, id=16256, stack(0x0000005cf3700000,0x0000005cf3800000) (1024K)]
Total: 38

Other Threads:
  0x000001a9f854b0a0 VMThread "VM Thread"                           [id=27532, stack(0x0000005cef900000,0x0000005cefa00000) (1024K)]
  0x000001a9f5761fe0 WatcherThread "VM Periodic Task Thread"        [id=14488, stack(0x0000005cef800000,0x0000005cef900000) (1024K)]
  0x000001a9f55b0670 WorkerThread "GC Thread#0"                     [id=20768, stack(0x0000005cef300000,0x0000005cef400000) (1024K)]
  0x000001a9fd6246b0 WorkerThread "GC Thread#1"                     [id=26004, stack(0x0000005cf0900000,0x0000005cf0a00000) (1024K)]
  0x000001a9fd67a450 WorkerThread "GC Thread#2"                     [id=6892, stack(0x0000005cf0a00000,0x0000005cf0b00000) (1024K)]
  0x000001a9fd67a7f0 WorkerThread "GC Thread#3"                     [id=22584, stack(0x0000005cf0b00000,0x0000005cf0c00000) (1024K)]
  0x000001a9fd67ab90 WorkerThread "GC Thread#4"                     [id=21144, stack(0x0000005cf0c00000,0x0000005cf0d00000) (1024K)]
  0x000001a9fd67b540 WorkerThread "GC Thread#5"                     [id=21676, stack(0x0000005cf0d00000,0x0000005cf0e00000) (1024K)]
  0x000001a9fd67e110 WorkerThread "GC Thread#6"                     [id=23792, stack(0x0000005cf0e00000,0x0000005cf0f00000) (1024K)]
  0x000001a9fd67e4b0 WorkerThread "GC Thread#7"                     [id=25352, stack(0x0000005cf0f00000,0x0000005cf1000000) (1024K)]
  0x000001a9fd67ec60 WorkerThread "GC Thread#8"                     [id=27220, stack(0x0000005cf1000000,0x0000005cf1100000) (1024K)]
  0x000001a9fd67f3f0 WorkerThread "GC Thread#9"                     [id=3404, stack(0x0000005cf1100000,0x0000005cf1200000) (1024K)]
  0x000001a9fd67f790 WorkerThread "GC Thread#10"                    [id=22480, stack(0x0000005cf1200000,0x0000005cf1300000) (1024K)]
  0x000001a9fd67fed0 WorkerThread "GC Thread#11"                    [id=2720, stack(0x0000005cf1300000,0x0000005cf1400000) (1024K)]
  0x000001a9fd680270 WorkerThread "GC Thread#12"                    [id=8344, stack(0x0000005cf1700000,0x0000005cf1800000) (1024K)]
  0x000001a9dd79def0 ConcurrentGCThread "G1 Main Marker"            [id=25220, stack(0x0000005cef400000,0x0000005cef500000) (1024K)]
  0x000001a9dd79e900 WorkerThread "G1 Conc#0"                       [id=24848, stack(0x0000005cef500000,0x0000005cef600000) (1024K)]
  0x000001a9fd680610 WorkerThread "G1 Conc#1"                       [id=9920, stack(0x0000005cf1f00000,0x0000005cf2000000) (1024K)]
  0x000001a9fd6809b0 WorkerThread "G1 Conc#2"                       [id=4084, stack(0x0000005cf2000000,0x0000005cf2100000) (1024K)]
  0x000001a9f5630df0 ConcurrentGCThread "G1 Refine#0"               [id=19944, stack(0x0000005cef600000,0x0000005cef700000) (1024K)]
  0x000001a9f5631870 ConcurrentGCThread "G1 Service"                [id=12572, stack(0x0000005cef700000,0x0000005cef800000) (1024K)]
Total: 21

Threads with active compile tasks:
Total: 0

VM state: not at safepoint (normal execution)

VM Mutex/Monitor currently owned by a thread: None

Heap address: 0x0000000605400000, size: 8108 MB, Compressed Oops mode: Zero based, Oop shift amount: 3

CDS archive(s) mapped at: [0x000001a980000000-0x000001a980c90000-0x000001a980c90000), size 13172736, SharedBaseAddress: 0x000001a980000000, ArchiveRelocationMode: 1.
Compressed class space mapped at: 0x000001a981000000-0x000001a9c1000000, reserved size: 1073741824
Narrow klass base: 0x000001a980000000, Narrow klass shift: 0, Narrow klass range: 0x100000000

GC Precious Log:
 CardTable entry size: 512
 Card Set container configuration: InlinePtr #cards 4 size 8 Array Of Cards #cards 32 size 80 Howl #buckets 8 coarsen threshold 7372 Howl Bitmap #cards 1024 size 144 coarsen threshold 921 Card regions per heap region 1 cards per card region 8192
 CPUs: 16 total, 16 available
 Memory: 32421M
 Large Page Support: Disabled
 NUMA Support: Disabled
 Compressed Oops: Enabled (Zero based)
 Heap Region Size: 4M
 Heap Min Capacity: 8M
 Heap Initial Capacity: 508M
 Heap Max Capacity: 8108M
 Pre-touch: Disabled
 Parallel Workers: 13
 Concurrent Workers: 3
 Concurrent Refinement Workers: 13
 Periodic GC: Disabled

Heap:
 garbage-first heap   total 192512K, used 70267K [0x0000000605400000, 0x0000000800000000)
  region size 4096K, 10 young (40960K), 3 survivors (12288K)
 Metaspace       used 88336K, committed 89344K, reserved 1179648K
  class space    used 12602K, committed 13056K, reserved 1048576K

Heap Regions: E=young(eden), S=young(survivor), O=old, HS=humongous(starts), HC=humongous(continues), CS=collection set, F=free, TAMS=top-at-mark-start, PB=parsable bottom
|   0|0x0000000605400000, 0x0000000605800000, 0x0000000605800000|100%| O|  |TAMS 0x0000000605400000| PB 0x0000000605400000| Untracked 
|   1|0x0000000605800000, 0x0000000605c00000, 0x0000000605c00000|100%| O|  |TAMS 0x0000000605800000| PB 0x0000000605800000| Untracked 
|   2|0x0000000605c00000, 0x0000000606000000, 0x0000000606000000|100%| O|  |TAMS 0x0000000605c00000| PB 0x0000000605c00000| Untracked 
|   3|0x0000000606000000, 0x0000000606400000, 0x0000000606400000|100%| O|  |TAMS 0x0000000606000000| PB 0x0000000606000000| Untracked 
|   4|0x0000000606400000, 0x0000000606800000, 0x0000000606800000|100%| O|  |TAMS 0x0000000606400000| PB 0x0000000606400000| Untracked 
|   5|0x0000000606800000, 0x00000006069c8520, 0x0000000606c00000| 44%| O|  |TAMS 0x0000000606800000| PB 0x0000000606800000| Untracked 
|   6|0x0000000606c00000, 0x0000000607000000, 0x0000000607000000|100%| O|  |TAMS 0x0000000606c00000| PB 0x0000000606c00000| Untracked 
|   7|0x0000000607000000, 0x0000000607400000, 0x0000000607400000|100%| O|  |TAMS 0x0000000607000000| PB 0x0000000607000000| Untracked 
|   8|0x0000000607400000, 0x0000000607800000, 0x0000000607800000|100%| O|  |TAMS 0x0000000607400000| PB 0x0000000607400000| Untracked 
|   9|0x0000000607800000, 0x0000000607821360, 0x0000000607c00000|  3%| O|Cm|TAMS 0x0000000607800000| PB 0x0000000607800000| Complete 
|  10|0x0000000607c00000, 0x0000000607c00000, 0x0000000608000000|  0%| F|  |TAMS 0x0000000607c00000| PB 0x0000000607c00000| Untracked 
|  11|0x0000000608000000, 0x0000000608000000, 0x0000000608400000|  0%| F|  |TAMS 0x0000000608000000| PB 0x0000000608000000| Untracked 
|  12|0x0000000608400000, 0x0000000608400000, 0x0000000608800000|  0%| F|  |TAMS 0x0000000608400000| PB 0x0000000608400000| Untracked 
|  13|0x0000000608800000, 0x0000000608800000, 0x0000000608c00000|  0%| F|  |TAMS 0x0000000608800000| PB 0x0000000608800000| Untracked 
|  14|0x0000000608c00000, 0x0000000608c00000, 0x0000000609000000|  0%| F|  |TAMS 0x0000000608c00000| PB 0x0000000608c00000| Untracked 
|  15|0x0000000609000000, 0x0000000609000000, 0x0000000609400000|  0%| F|  |TAMS 0x0000000609000000| PB 0x0000000609000000| Untracked 
|  16|0x0000000609400000, 0x00000006096b5660, 0x0000000609800000| 67%| S|CS|TAMS 0x0000000609400000| PB 0x0000000609400000| Complete 
|  17|0x0000000609800000, 0x0000000609c00000, 0x0000000609c00000|100%| S|CS|TAMS 0x0000000609800000| PB 0x0000000609800000| Complete 
|  18|0x0000000609c00000, 0x000000060a000000, 0x000000060a000000|100%| S|CS|TAMS 0x0000000609c00000| PB 0x0000000609c00000| Complete 
|  19|0x000000060a000000, 0x000000060a000000, 0x000000060a400000|  0%| F|  |TAMS 0x000000060a000000| PB 0x000000060a000000| Untracked 
|  20|0x000000060a400000, 0x000000060a400000, 0x000000060a800000|  0%| F|  |TAMS 0x000000060a400000| PB 0x000000060a400000| Untracked 
|  21|0x000000060a800000, 0x000000060a800000, 0x000000060ac00000|  0%| F|  |TAMS 0x000000060a800000| PB 0x000000060a800000| Untracked 
|  22|0x000000060ac00000, 0x000000060ac00000, 0x000000060b000000|  0%| F|  |TAMS 0x000000060ac00000| PB 0x000000060ac00000| Untracked 
|  23|0x000000060b000000, 0x000000060b000000, 0x000000060b400000|  0%| F|  |TAMS 0x000000060b000000| PB 0x000000060b000000| Untracked 
|  24|0x000000060b400000, 0x000000060b400000, 0x000000060b800000|  0%| F|  |TAMS 0x000000060b400000| PB 0x000000060b400000| Untracked 
|  25|0x000000060b800000, 0x000000060b800000, 0x000000060bc00000|  0%| F|  |TAMS 0x000000060b800000| PB 0x000000060b800000| Untracked 
|  26|0x000000060bc00000, 0x000000060bc00000, 0x000000060c000000|  0%| F|  |TAMS 0x000000060bc00000| PB 0x000000060bc00000| Untracked 
|  27|0x000000060c000000, 0x000000060c000000, 0x000000060c400000|  0%| F|  |TAMS 0x000000060c000000| PB 0x000000060c000000| Untracked 
|  28|0x000000060c400000, 0x000000060c400000, 0x000000060c800000|  0%| F|  |TAMS 0x000000060c400000| PB 0x000000060c400000| Untracked 
|  29|0x000000060c800000, 0x000000060c800000, 0x000000060cc00000|  0%| F|  |TAMS 0x000000060c800000| PB 0x000000060c800000| Untracked 
|  30|0x000000060cc00000, 0x000000060cc00000, 0x000000060d000000|  0%| F|  |TAMS 0x000000060cc00000| PB 0x000000060cc00000| Untracked 
|  31|0x000000060d000000, 0x000000060d000000, 0x000000060d400000|  0%| F|  |TAMS 0x000000060d000000| PB 0x000000060d000000| Untracked 
|  32|0x000000060d400000, 0x000000060d400000, 0x000000060d800000|  0%| F|  |TAMS 0x000000060d400000| PB 0x000000060d400000| Untracked 
|  33|0x000000060d800000, 0x000000060d800000, 0x000000060dc00000|  0%| F|  |TAMS 0x000000060d800000| PB 0x000000060d800000| Untracked 
|  34|0x000000060dc00000, 0x000000060dc00000, 0x000000060e000000|  0%| F|  |TAMS 0x000000060dc00000| PB 0x000000060dc00000| Untracked 
|  35|0x000000060e000000, 0x000000060e000000, 0x000000060e400000|  0%| F|  |TAMS 0x000000060e000000| PB 0x000000060e000000| Untracked 
|  36|0x000000060e400000, 0x000000060e400000, 0x000000060e800000|  0%| F|  |TAMS 0x000000060e400000| PB 0x000000060e400000| Untracked 
|  37|0x000000060e800000, 0x000000060e800000, 0x000000060ec00000|  0%| F|  |TAMS 0x000000060e800000| PB 0x000000060e800000| Untracked 
|  38|0x000000060ec00000, 0x000000060ec00000, 0x000000060f000000|  0%| F|  |TAMS 0x000000060ec00000| PB 0x000000060ec00000| Untracked 
|  39|0x000000060f000000, 0x000000060f000000, 0x000000060f400000|  0%| F|  |TAMS 0x000000060f000000| PB 0x000000060f000000| Untracked 
|  40|0x000000060f400000, 0x000000060f7add38, 0x000000060f800000| 91%| E|  |TAMS 0x000000060f400000| PB 0x000000060f400000| Complete 
|  41|0x000000060f800000, 0x000000060fc00000, 0x000000060fc00000|100%| E|CS|TAMS 0x000000060f800000| PB 0x000000060f800000| Complete 
|  42|0x000000060fc00000, 0x0000000610000000, 0x0000000610000000|100%| E|CS|TAMS 0x000000060fc00000| PB 0x000000060fc00000| Complete 
|  43|0x0000000610000000, 0x0000000610400000, 0x0000000610400000|100%| E|CS|TAMS 0x0000000610000000| PB 0x0000000610000000| Complete 
|  44|0x0000000610400000, 0x0000000610800000, 0x0000000610800000|100%| E|CS|TAMS 0x0000000610400000| PB 0x0000000610400000| Complete 
|  45|0x0000000610800000, 0x0000000610c00000, 0x0000000610c00000|100%| E|CS|TAMS 0x0000000610800000| PB 0x0000000610800000| Complete 
| 126|0x0000000624c00000, 0x0000000625000000, 0x0000000625000000|100%| E|CS|TAMS 0x0000000624c00000| PB 0x0000000624c00000| Complete 

Card table byte_map: [0x000001a9ec610000,0x000001a9ed5f0000] _byte_map_base: 0x000001a9e95e6000

Marking Bits: (CMBitMap*) 0x000001a9df1f8130
 Bits: [0x000001a9ed5f0000, 0x000001a9f54a0000)

Polling page: 0x000001a9dd890000

Metaspace:

Usage:
  Non-class:     73.96 MB used.
      Class:     12.31 MB used.
       Both:     86.27 MB used.

Virtual space:
  Non-class space:      128.00 MB reserved,      74.50 MB ( 58%) committed,  2 nodes.
      Class space:        1.00 GB reserved,      12.75 MB (  1%) committed,  1 nodes.
             Both:        1.12 GB reserved,      87.25 MB (  8%) committed. 

Chunk freelists:
   Non-Class:  4.68 MB
       Class:  3.12 MB
        Both:  7.80 MB

MaxMetaspaceSize: unlimited
CompressedClassSpaceSize: 1.00 GB
Initial GC threshold: 21.00 MB
Current GC threshold: 138.56 MB
CDS: on
 - commit_granule_bytes: 65536.
 - commit_granule_words: 8192.
 - virtual_space_node_default_size: 8388608.
 - enlarge_chunks_in_place: 1.
 - use_allocation_guard: 0.


Internal statistics:

num_allocs_failed_limit: 6.
num_arena_births: 1616.
num_arena_deaths: 6.
num_vsnodes_births: 3.
num_vsnodes_deaths: 0.
num_space_committed: 1396.
num_space_uncommitted: 0.
num_chunks_returned_to_freelist: 15.
num_chunks_taken_from_freelist: 4967.
num_chunk_merges: 9.
num_chunk_splits: 3531.
num_chunks_enlarged: 2616.
num_inconsistent_stats: 0.

CodeCache: size=49152Kb used=18708Kb max_used=22374Kb free=30443Kb
 bounds [0x000001a9e7850000, 0x000001a9e8e30000, 0x000001a9ea850000]
 total_blobs=10731 nmethods=9967 adapters=686
 compilation: enabled
              stopped_count=0, restarted_count=0
 full_count=0

Compilation events (20 events):
Event: 140.030 Thread 0x000001a9f85885d0 10971       1       org.springframework.boot.devtools.filewatch.FileSystemWatcher$Watcher::isDifferent (105 bytes)
Event: 140.030 Thread 0x000001a9f85885d0 nmethod 10971 0x000001a9e8b0aa90 code [0x000001a9e8b0ad00, 0x000001a9e8b0b178]
Event: 140.030 Thread 0x000001a9f85885d0 10972       1       org.springframework.boot.devtools.filewatch.DirectorySnapshot::equals (46 bytes)
Event: 140.031 Thread 0x000001a9f85885d0 nmethod 10972 0x000001a9e8b0a390 code [0x000001a9e8b0a560, 0x000001a9e8b0a838]
Event: 140.031 Thread 0x000001a9f85885d0 10973       1       java.util.Collections$UnmodifiableSet::equals (24 bytes)
Event: 140.031 Thread 0x000001a9f85885d0 nmethod 10973 0x000001a9e8b0a010 code [0x000001a9e8b0a1c0, 0x000001a9e8b0a2f0]
Event: 149.511 Thread 0x000001a9f85885d0 10974       1       java.util.concurrent.locks.AbstractQueuedSynchronizer$ConditionObject::awaitNanos (207 bytes)
Event: 149.513 Thread 0x000001a9f85885d0 nmethod 10974 0x000001a9e8b09110 code [0x000001a9e8b09380, 0x000001a9e8b09ae8]
Event: 181.102 Thread 0x000001a9f85885d0 10975       1       sun.nio.ch.NioSocketImpl::isOpen (14 bytes)
Event: 181.102 Thread 0x000001a9f85885d0 nmethod 10975 0x000001a9e8b08e10 code [0x000001a9e8b08fa0, 0x000001a9e8b09078]
Event: 182.522 Thread 0x000001a9f85885d0 10976       1       java.util.concurrent.ScheduledThreadPoolExecutor$DelayedWorkQueue::add (9 bytes)
Event: 182.523 Thread 0x000001a9f85885d0 nmethod 10976 0x000001a9e8b08a10 code [0x000001a9e8b08bc0, 0x000001a9e8b08d20]
Event: 182.523 Thread 0x000001a9f85885d0 10977       1       java.util.concurrent.ScheduledThreadPoolExecutor$DelayedWorkQueue::add (6 bytes)
Event: 182.523 Thread 0x000001a9f85885d0 nmethod 10977 0x000001a9e8b08690 code [0x000001a9e8b08840, 0x000001a9e8b08940]
Event: 182.523 Thread 0x000001a9f85885d0 10978   !   1       java.util.concurrent.ScheduledThreadPoolExecutor$DelayedWorkQueue::offer (123 bytes)
Event: 182.525 Thread 0x000001a9f85885d0 nmethod 10978 0x000001a9e8b07190 code [0x000001a9e8b07440, 0x000001a9e8b07dd8]
Event: 182.525 Thread 0x000001a9f85885d0 10979       1       java.util.concurrent.ThreadPoolExecutor::ensurePrestart (41 bytes)
Event: 182.525 Thread 0x000001a9f85885d0 nmethod 10979 0x000001a9e8b06d90 code [0x000001a9e8b06f40, 0x000001a9e8b070b8]
Event: 184.516 Thread 0x000001a9f85885d0 10980       1       java.util.concurrent.ScheduledThreadPoolExecutor$DelayedWorkQueue::siftUp (64 bytes)
Event: 184.517 Thread 0x000001a9f85885d0 nmethod 10980 0x000001a9e8b06310 code [0x000001a9e8b06500, 0x000001a9e8b06a48]

GC Heap History (20 events):
Event: 2.979 GC heap before
{Heap before GC invocations=13 (full 0):
 garbage-first heap   total 311296K, used 122321K [0x0000000605400000, 0x0000000800000000)
  region size 4096K, 27 young (110592K), 2 survivors (8192K)
 Metaspace       used 46341K, committed 47040K, reserved 1114112K
  class space    used 6389K, committed 6720K, reserved 1048576K
}
Event: 2.985 GC heap after
{Heap after GC invocations=14 (full 0):
 garbage-first heap   total 311296K, used 26518K [0x0000000605400000, 0x0000000800000000)
  region size 4096K, 2 young (8192K), 2 survivors (8192K)
 Metaspace       used 46341K, committed 47040K, reserved 1114112K
  class space    used 6389K, committed 6720K, reserved 1048576K
}
Event: 3.273 GC heap before
{Heap before GC invocations=15 (full 0):
 garbage-first heap   total 110592K, used 83862K [0x0000000605400000, 0x0000000800000000)
  region size 4096K, 16 young (65536K), 2 survivors (8192K)
 Metaspace       used 51637K, committed 52288K, reserved 1114112K
  class space    used 7076K, committed 7360K, reserved 1048576K
}
Event: 3.277 GC heap after
{Heap after GC invocations=16 (full 0):
 garbage-first heap   total 110592K, used 27678K [0x0000000605400000, 0x0000000800000000)
  region size 4096K, 2 young (8192K), 2 survivors (8192K)
 Metaspace       used 51637K, committed 52288K, reserved 1114112K
  class space    used 7076K, committed 7360K, reserved 1048576K
}
Event: 3.547 GC heap before
{Heap before GC invocations=16 (full 0):
 garbage-first heap   total 110592K, used 80926K [0x0000000605400000, 0x0000000800000000)
  region size 4096K, 16 young (65536K), 2 survivors (8192K)
 Metaspace       used 57770K, committed 58432K, reserved 1114112K
  class space    used 7966K, committed 8256K, reserved 1048576K
}
Event: 3.552 GC heap after
{Heap after GC invocations=17 (full 0):
 garbage-first heap   total 110592K, used 28824K [0x0000000605400000, 0x0000000800000000)
  region size 4096K, 2 young (8192K), 2 survivors (8192K)
 Metaspace       used 57770K, committed 58432K, reserved 1114112K
  class space    used 7966K, committed 8256K, reserved 1048576K
}
Event: 3.836 GC heap before
{Heap before GC invocations=17 (full 0):
 garbage-first heap   total 110592K, used 86168K [0x0000000605400000, 0x0000000800000000)
  region size 4096K, 16 young (65536K), 2 survivors (8192K)
 Metaspace       used 62091K, committed 62784K, reserved 1114112K
  class space    used 8721K, committed 9024K, reserved 1048576K
}
Event: 3.841 GC heap after
{Heap after GC invocations=18 (full 0):
 garbage-first heap   total 315392K, used 30336K [0x0000000605400000, 0x0000000800000000)
  region size 4096K, 1 young (4096K), 1 survivors (4096K)
 Metaspace       used 62091K, committed 62784K, reserved 1114112K
  class space    used 8721K, committed 9024K, reserved 1048576K
}
Event: 4.655 GC heap before
{Heap before GC invocations=18 (full 0):
 garbage-first heap   total 315392K, used 214656K [0x0000000605400000, 0x0000000800000000)
  region size 4096K, 46 young (188416K), 1 survivors (4096K)
 Metaspace       used 72397K, committed 73152K, reserved 1114112K
  class space    used 10318K, committed 10624K, reserved 1048576K
}
Event: 4.661 GC heap after
{Heap after GC invocations=19 (full 0):
 garbage-first heap   total 315392K, used 35286K [0x0000000605400000, 0x0000000800000000)
  region size 4096K, 3 young (12288K), 3 survivors (12288K)
 Metaspace       used 72397K, committed 73152K, reserved 1114112K
  class space    used 10318K, committed 10624K, reserved 1048576K
}
Event: 5.238 GC heap before
{Heap before GC invocations=19 (full 0):
 garbage-first heap   total 315392K, used 207318K [0x0000000605400000, 0x0000000800000000)
  region size 4096K, 46 young (188416K), 3 survivors (12288K)
 Metaspace       used 77044K, committed 78016K, reserved 1179648K
  class space    used 10925K, committed 11392K, reserved 1048576K
}
Event: 5.242 GC heap after
{Heap after GC invocations=20 (full 0):
 garbage-first heap   total 315392K, used 39044K [0x0000000605400000, 0x0000000800000000)
  region size 4096K, 4 young (16384K), 4 survivors (16384K)
 Metaspace       used 77044K, committed 78016K, reserved 1179648K
  class space    used 10925K, committed 11392K, reserved 1048576K
}
Event: 5.267 GC heap before
{Heap before GC invocations=20 (full 0):
 garbage-first heap   total 315392K, used 51332K [0x0000000605400000, 0x0000000800000000)
  region size 4096K, 8 young (32768K), 4 survivors (16384K)
 Metaspace       used 77050K, committed 78016K, reserved 1179648K
  class space    used 10927K, committed 11392K, reserved 1048576K
}
Event: 5.273 GC heap after
{Heap after GC invocations=21 (full 0):
 garbage-first heap   total 315392K, used 40253K [0x0000000605400000, 0x0000000800000000)
  region size 4096K, 4 young (16384K), 4 survivors (16384K)
 Metaspace       used 77050K, committed 78016K, reserved 1179648K
  class space    used 10927K, committed 11392K, reserved 1048576K
}
Event: 5.683 GC heap before
{Heap before GC invocations=22 (full 0):
 garbage-first heap   total 274432K, used 183613K [0x0000000605400000, 0x0000000800000000)
  region size 4096K, 40 young (163840K), 4 survivors (16384K)
 Metaspace       used 79309K, committed 80256K, reserved 1179648K
  class space    used 11349K, committed 11776K, reserved 1048576K
}
Event: 5.692 GC heap after
{Heap after GC invocations=23 (full 0):
 garbage-first heap   total 274432K, used 41765K [0x0000000605400000, 0x0000000800000000)
  region size 4096K, 3 young (12288K), 3 survivors (12288K)
 Metaspace       used 79309K, committed 80256K, reserved 1179648K
  class space    used 11349K, committed 11776K, reserved 1048576K
}
Event: 22.020 GC heap before
{Heap before GC invocations=23 (full 0):
 garbage-first heap   total 274432K, used 131877K [0x0000000605400000, 0x0000000800000000)
  region size 4096K, 27 young (110592K), 3 survivors (12288K)
 Metaspace       used 84175K, committed 85120K, reserved 1179648K
  class space    used 12029K, committed 12480K, reserved 1048576K
}
Event: 22.026 GC heap after
{Heap after GC invocations=24 (full 0):
 garbage-first heap   total 274432K, used 43606K [0x0000000605400000, 0x0000000800000000)
  region size 4096K, 3 young (12288K), 3 survivors (12288K)
 Metaspace       used 84175K, committed 85120K, reserved 1179648K
  class space    used 12029K, committed 12480K, reserved 1048576K
}
Event: 101.690 GC heap before
{Heap before GC invocations=25 (full 0):
 garbage-first heap   total 192512K, used 141910K [0x0000000605400000, 0x0000000800000000)
  region size 4096K, 28 young (114688K), 3 survivors (12288K)
 Metaspace       used 88204K, committed 89216K, reserved 1179648K
  class space    used 12576K, committed 13056K, reserved 1048576K
}
Event: 101.701 GC heap after
{Heap after GC invocations=26 (full 0):
 garbage-first heap   total 192512K, used 45691K [0x0000000605400000, 0x0000000800000000)
  region size 4096K, 3 young (12288K), 3 survivors (12288K)
 Metaspace       used 88204K, committed 89216K, reserved 1179648K
  class space    used 12576K, committed 13056K, reserved 1048576K
}

Dll operation events (12 events):
Event: 0.029 Loaded shared library C:\pleiades\2024-06\java\21\bin\java.dll
Event: 0.245 Loaded shared library C:\pleiades\2024-06\java\21\bin\zip.dll
Event: 0.248 Loaded shared library C:\pleiades\2024-06\java\21\bin\instrument.dll
Event: 0.251 Loaded shared library C:\pleiades\2024-06\java\21\bin\net.dll
Event: 0.252 Loaded shared library C:\pleiades\2024-06\java\21\bin\nio.dll
Event: 0.254 Loaded shared library C:\pleiades\2024-06\java\21\bin\zip.dll
Event: 0.339 Loaded shared library C:\pleiades\2024-06\java\21\bin\jimage.dll
Event: 0.366 Loaded shared library C:\pleiades\2024-06\java\21\bin\management.dll
Event: 0.371 Loaded shared library C:\pleiades\2024-06\java\21\bin\management_ext.dll
Event: 0.472 Loaded shared library C:\pleiades\2024-06\java\21\bin\verify.dll
Event: 0.532 Loaded shared library C:\pleiades\2024-06\java\21\bin\extnet.dll
Event: 1.317 Loaded shared library C:\pleiades\2024-06\java\21\bin\sunmscapi.dll

Deoptimization events (20 events):
Event: 68.011 Thread 0x000001a9fd7cc410 DEOPT PACKING pc=0x000001a9e7db3959 sp=0x0000005cf31f8810
Event: 68.011 Thread 0x000001a9fd7cc410 DEOPT UNPACKING pc=0x000001a9e78a4e42 sp=0x0000005cf31f7c68 mode 1
Event: 68.011 Thread 0x000001a9fd7cc410 DEOPT PACKING pc=0x000001a9e7da4eac sp=0x0000005cf31f88a0
Event: 68.011 Thread 0x000001a9fd7cc410 DEOPT UNPACKING pc=0x000001a9e78a4e42 sp=0x0000005cf31f7d48 mode 1
Event: 68.011 Thread 0x000001a9fd7cc410 DEOPT PACKING pc=0x000001a9e8314b84 sp=0x0000005cf31f9320
Event: 68.011 Thread 0x000001a9fd7cc410 DEOPT UNPACKING pc=0x000001a9e78a4e42 sp=0x0000005cf31f87a0 mode 1
Event: 68.011 Thread 0x000001a9fd7cc410 DEOPT PACKING pc=0x000001a9e7db3959 sp=0x0000005cf31f8810
Event: 68.011 Thread 0x000001a9fd7cc410 DEOPT UNPACKING pc=0x000001a9e78a4e42 sp=0x0000005cf31f7c68 mode 1
Event: 68.011 Thread 0x000001a9fd7cc410 DEOPT PACKING pc=0x000001a9e7da4eac sp=0x0000005cf31f88a0
Event: 68.011 Thread 0x000001a9fd7cc410 DEOPT UNPACKING pc=0x000001a9e78a4e42 sp=0x0000005cf31f7d48 mode 1
Event: 68.011 Thread 0x000001a9fd7cc410 DEOPT PACKING pc=0x000001a9e8314b84 sp=0x0000005cf31f9320
Event: 68.011 Thread 0x000001a9fd7cc410 DEOPT UNPACKING pc=0x000001a9e78a4e42 sp=0x0000005cf31f87a0 mode 1
Event: 68.013 Thread 0x000001a9fd7cc410 DEOPT PACKING pc=0x000001a9e7b2d30f sp=0x0000005cf31fa170
Event: 68.013 Thread 0x000001a9fd7cc410 DEOPT UNPACKING pc=0x000001a9e78a4e42 sp=0x0000005cf31f96b8 mode 1
Event: 189.463 Thread 0x000001a9fdf7e010 DEOPT PACKING pc=0x000001a9e8a75dbc sp=0x0000005cf2dfad40
Event: 189.463 Thread 0x000001a9fdf7e010 DEOPT UNPACKING pc=0x000001a9e78a4e42 sp=0x0000005cf2dfa1e8 mode 0
Event: 189.464 Thread 0x000001a9f86d3750 DEOPT PACKING pc=0x000001a9e8a75dbc sp=0x0000005cf2efa9b0
Event: 189.464 Thread 0x000001a9f86d3750 DEOPT UNPACKING pc=0x000001a9e78a4e42 sp=0x0000005cf2ef9e58 mode 0
Event: 189.466 Thread 0x000001a9fd7cb6f0 DEOPT PACKING pc=0x000001a9e8a75dbc sp=0x0000005cf30faef0
Event: 189.466 Thread 0x000001a9fd7cb6f0 DEOPT UNPACKING pc=0x000001a9e78a4e42 sp=0x0000005cf30fa398 mode 0

Classes loaded (20 events):
Event: 63.300 Loading class java/util/EnumMap$EntryIterator$Entry
Event: 63.300 Loading class java/util/EnumMap$EntryIterator$Entry done
Event: 63.459 Loading class java/nio/StringCharBuffer
Event: 63.459 Loading class java/nio/StringCharBuffer done
Event: 63.462 Loading class java/lang/StringEditor
Event: 63.462 Loading class java/lang/StringEditor done
Event: 63.483 Loading class java/util/concurrent/locks/ReentrantReadWriteLock$Sync$HoldCounter
Event: 63.483 Loading class java/util/concurrent/locks/ReentrantReadWriteLock$Sync$HoldCounter done
Event: 63.486 Loading class java/util/ArrayList$SubList$2
Event: 63.486 Loading class java/util/ArrayList$SubList$2 done
Event: 67.982 Loading class sun/security/provider/SecureRandom
Event: 67.982 Loading class sun/security/provider/SecureRandom done
Event: 67.983 Loading class sun/security/provider/SecureRandom$SeederHolder
Event: 67.983 Loading class sun/security/provider/SecureRandom$SeederHolder done
Event: 67.996 Loading class java/util/TreeMap$KeySpliterator
Event: 67.996 Loading class java/util/TreeMap$KeySpliterator done
Event: 127.648 Loading class java/lang/invoke/BoundMethodHandle$Species_LLLLLLLLLL
Event: 127.648 Loading class java/lang/invoke/BoundMethodHandle$Species_LLLLLLLLLL done
Event: 127.653 Loading class java/lang/invoke/BoundMethodHandle$Species_LLLLLLLLLLL
Event: 127.653 Loading class java/lang/invoke/BoundMethodHandle$Species_LLLLLLLLLLL done

Classes unloaded (3 events):
Event: 22.038 Thread 0x000001a9f854b0a0 Unloading class 0x000001a981721000 'jdk/internal/reflect/GeneratedSerializationConstructorAccessor37'
Event: 22.038 Thread 0x000001a9f854b0a0 Unloading class 0x000001a981720c00 'jdk/internal/reflect/GeneratedSerializationConstructorAccessor36'
Event: 22.038 Thread 0x000001a9f854b0a0 Unloading class 0x000001a981720800 'jdk/internal/reflect/GeneratedSerializationConstructorAccessor35'

Classes redefined (1 events):
Event: 189.484 Thread 0x000001a9f854b0a0 redefined class name=com.example.ankiapp.controller.CardDisplayController, count=1

Internal exceptions (20 events):
Event: 5.423 Thread 0x000001a9f86d3de0 Exception <a 'java/lang/NoSuchMethodError'{0x0000000610308c48}: 'java.lang.Object java.lang.invoke.DirectMethodHandle$Holder.invokeInterface(java.lang.Object, java.lang.Object, java.lang.Object, java.lang.Object)'> (0x0000000610308c48) 
thrown [s\src\hotspot\share\interpreter\linkResolver.cpp, line 773]
Event: 5.464 Thread 0x000001a9f86d3de0 Exception <a 'java/lang/NoSuchMethodError'{0x000000060fbad200}: 'void java.lang.invoke.DirectMethodHandle$Holder.invokeVirtual(java.lang.Object, java.lang.Object, long)'> (0x000000060fbad200) 
thrown [s\src\hotspot\share\interpreter\linkResolver.cpp, line 773]
Event: 5.554 Thread 0x000001a9f86d3de0 Exception <a 'java/lang/NoSuchMethodError'{0x000000060e369f40}: 'java.lang.Object java.lang.invoke.DirectMethodHandle$Holder.newInvokeSpecial(java.lang.Object, java.lang.Object, java.lang.Object, java.lang.Object, java.lang.Object, java.lang.Object, java.lang.Object, java.lang.Object, java.lang.Object)'> (0x000000060e369f40) 
thrown [s\src\hotspot\share\interpreter\linkResolver.cpp, line 773]
Event: 5.625 Thread 0x000001a9f86d3de0 Exception <a 'java/lang/IncompatibleClassChangeError'{0x000000060d3b9f30}: Found class java.lang.Object, but interface was expected> (0x000000060d3b9f30) 
thrown [s\src\hotspot\share\interpreter\linkResolver.cpp, line 840]
Event: 5.659 Thread 0x000001a9f86d3de0 Exception <a 'java/lang/NoSuchMethodError'{0x000000060c466418}: 'java.lang.Object java.lang.invoke.Invokers$Holder.invoke_MT(java.lang.Object, java.lang.Object, java.lang.Object, java.lang.Object, java.lang.Object, java.lang.Object, java.lang.Object, java.lang.Object, java.lang.Object, java.lang.Object, java.lang.Object)'> (0x000000060c466418) 
thrown [s\src\hotspot\share\interpreter\linkResolver.cpp, line 773]
Event: 6.491 Thread 0x000001a9f86d3de0 Exception <a 'java/lang/NoSuchMethodError'{0x0000000615dd9a70}: 'java.lang.Object java.lang.invoke.DirectMethodHandle$Holder.newInvokeSpecial(java.lang.Object, java.lang.Object, int, java.lang.Object, java.lang.Object)'> (0x0000000615dd9a70) 
thrown [s\src\hotspot\share\interpreter\linkResolver.cpp, line 773]
Event: 6.714 Thread 0x000001a9fdf77da0 Exception <a 'java/lang/NoSuchMethodError'{0x00000006156149b8}: 'java.lang.Object java.lang.invoke.DirectMethodHandle$Holder.invokeInterface(java.lang.Object, java.lang.Object, java.lang.Object, java.lang.Object, java.lang.Object, java.lang.Object, java.lang.Object)'> (0x00000006156149b8) 
thrown [s\src\hotspot\share\interpreter\linkResolver.cpp, line 773]
Event: 21.774 Thread 0x000001a9fdf7ed30 Exception <a 'java/lang/NoSuchMethodError'{0x000000061275b8c8}: 'java.lang.Object java.lang.invoke.DirectMethodHandle$Holder.invokeSpecial(java.lang.Object, java.lang.Object, java.lang.Object, java.lang.Object, java.lang.Object, long)'> (0x000000061275b8c8) 
thrown [s\src\hotspot\share\interpreter\linkResolver.cpp, line 773]
Event: 21.775 Thread 0x000001a9fdf7ed30 Exception <a 'java/lang/NoSuchMethodError'{0x000000061275f088}: 'java.lang.Object java.lang.invoke.Invokers$Holder.linkToTargetMethod(java.lang.Object, java.lang.Object, java.lang.Object, long, java.lang.Object)'> (0x000000061275f088) 
thrown [s\src\hotspot\share\interpreter\linkResolver.cpp, line 773]
Event: 21.896 Thread 0x000001a9fdf7ed30 Exception <a 'java/lang/NoSuchMethodError'{0x0000000610e5b460}: 'void java.lang.invoke.DirectMethodHandle$Holder.invokeSpecialIFC(java.lang.Object, java.lang.Object, int, java.lang.Object, java.lang.Object, java.lang.Object, java.lang.Object)'> (0x0000000610e5b460) 
thrown [s\src\hotspot\share\interpreter\linkResolver.cpp, line 773]
Event: 21.937 Thread 0x000001a9fdf7ed30 Exception <a 'java/lang/IncompatibleClassChangeError'{0x00000006105032c0}: Found class java.lang.Object, but interface was expected> (0x00000006105032c0) 
thrown [s\src\hotspot\share\interpreter\linkResolver.cpp, line 840]
Event: 21.944 Thread 0x000001a9fdf7ed30 Exception <a 'java/lang/IncompatibleClassChangeError'{0x00000006105dfd98}: Found class java.lang.Object, but interface was expected> (0x00000006105dfd98) 
thrown [s\src\hotspot\share\interpreter\linkResolver.cpp, line 840]
Event: 21.951 Thread 0x000001a9fdf7ed30 Exception <a 'java/lang/IncompatibleClassChangeError'{0x000000061068f5a0}: Found class java.lang.Object, but interface was expected> (0x000000061068f5a0) 
thrown [s\src\hotspot\share\interpreter\linkResolver.cpp, line 840]
Event: 63.484 Thread 0x000001a9fdf7d980 Exception <a 'java/lang/NoSuchMethodError'{0x000000060c5887e0}: 'java.lang.Object java.lang.invoke.DirectMethodHandle$Holder.invokeStatic(java.lang.Object, int, int)'> (0x000000060c5887e0) 
thrown [s\src\hotspot\share\interpreter\linkResolver.cpp, line 773]
Event: 63.484 Thread 0x000001a9f86d3750 Exception <a 'java/lang/NoSuchMethodError'{0x000000060c50ed78}: 'java.lang.Object java.lang.invoke.DirectMethodHandle$Holder.invokeStatic(java.lang.Object, int, int)'> (0x000000060c50ed78) 
thrown [s\src\hotspot\share\interpreter\linkResolver.cpp, line 773]
Event: 63.485 Thread 0x000001a9fd7cbd80 Exception <a 'java/lang/NoSuchMethodError'{0x000000060c545018}: 'java.lang.Object java.lang.invoke.DirectMethodHandle$Holder.invokeStatic(java.lang.Object, int, int)'> (0x000000060c545018) 
thrown [s\src\hotspot\share\interpreter\linkResolver.cpp, line 773]
Event: 63.485 Thread 0x000001a9fd7cb6f0 Exception <a 'java/lang/NoSuchMethodError'{0x000000060c564918}: 'java.lang.Object java.lang.invoke.DirectMethodHandle$Holder.invokeStatic(java.lang.Object, int, int)'> (0x000000060c564918) 
thrown [s\src\hotspot\share\interpreter\linkResolver.cpp, line 773]
Event: 67.975 Thread 0x000001a9fd7cb060 Exception <a 'java/lang/NoSuchMethodError'{0x000000060b431e10}: 'int java.lang.invoke.Invokers$Holder.invokeExact_MT(java.lang.Object, java.lang.Object, java.lang.Object)'> (0x000000060b431e10) 
thrown [s\src\hotspot\share\interpreter\linkResolver.cpp, line 773]
Event: 127.649 Thread 0x000001a9fdf7ed30 Exception <a 'java/lang/NoSuchMethodError'{0x0000000610157f60}: 'java.lang.Object java.lang.invoke.DirectMethodHandle$Holder.invokeStatic(java.lang.Object, java.lang.Object, java.lang.Object, java.lang.Object, java.lang.Object, java.lang.Object, java.lang.Object, java.lang.Object, java.lang.Object, java.lang.Object, java.lang.Object, java.lang.Object, java.lang.Object)'> (0x0000000610157f60) 
thrown [s\src\hotspot\share\interpreter\linkResolver.cpp, line 773]
Event: 127.655 Thread 0x000001a9fdf7ed30 Exception <a 'java/lang/NoSuchMethodError'{0x0000000610178768}: 'java.lang.Object java.lang.invoke.DirectMethodHandle$Holder.invokeStatic(java.lang.Object, java.lang.Object, java.lang.Object, java.lang.Object, java.lang.Object, java.lang.Object, java.lang.Object, java.lang.Object, java.lang.Object, java.lang.Object, java.lang.Object, java.lang.Object, java.lang.Object, java.lang.Object)'> (0x0000000610178768) 
thrown [s\src\hotspot\share\interpreter\linkResolver.cpp, line 773]

ZGC Phase Switch (0 events):
No events

VM Operations (20 events):
Event: 189.464 Executing VM operation: ChangeSingleStep
Event: 189.464 Executing VM operation: ChangeSingleStep done
Event: 189.465 Executing VM operation: ChangeSingleStep
Event: 189.465 Executing VM operation: ChangeSingleStep done
Event: 189.466 Executing VM operation: ChangeSingleStep
Event: 189.466 Executing VM operation: ChangeSingleStep done
Event: 189.466 Executing VM operation: ChangeSingleStep
Event: 189.466 Executing VM operation: ChangeSingleStep done
Event: 189.477 Executing VM operation: RedefineClasses
Event: 189.498 Executing VM operation: RedefineClasses done
Event: 189.515 Executing VM operation: ChangeBreakpoints
Event: 189.517 Executing VM operation: ChangeBreakpoints done
Event: 189.535 Executing VM operation: ChangeBreakpoints
Event: 189.537 Executing VM operation: ChangeBreakpoints done
Event: 189.543 Executing VM operation: ChangeSingleStep
Event: 189.543 Executing VM operation: ChangeSingleStep done
Event: 189.545 Executing VM operation: ChangeSingleStep
Event: 189.545 Executing VM operation: ChangeSingleStep done
Event: 189.545 Executing VM operation: ChangeSingleStep
Event: 189.545 Executing VM operation: ChangeSingleStep done

Events (20 events):
Event: 78.180 Thread 0x000001a9f876cf10 Thread exited: 0x000001a9f876cf10
Event: 87.497 Thread 0x000001a9f876dcb0 Thread exited: 0x000001a9f876dcb0
Event: 91.058 Thread 0x000001a9fdf77da0 Thread exited: 0x000001a9fdf77da0
Event: 91.058 Thread 0x000001a9f86d1d10 Thread exited: 0x000001a9f86d1d10
Event: 91.058 Thread 0x000001a9f86d30c0 Thread exited: 0x000001a9f86d30c0
Event: 91.058 Thread 0x000001a9fd7cde50 Thread exited: 0x000001a9fd7cde50
Event: 91.059 Thread 0x000001a9fd4969e0 Thread exited: 0x000001a9fd4969e0
Event: 91.059 Thread 0x000001a9fd494910 Thread exited: 0x000001a9fd494910
Event: 91.059 Thread 0x000001a9f86d3de0 Thread exited: 0x000001a9f86d3de0
Event: 92.492 Thread 0x000001a9f876d5e0 Thread exited: 0x000001a9f876d5e0
Event: 114.656 Thread 0x000001a9f876cf10 Thread added: 0x000001a9f876cf10
Event: 114.656 Thread 0x000001a9f876d5e0 Thread added: 0x000001a9f876d5e0
Event: 114.656 Thread 0x000001a9f876dcb0 Thread added: 0x000001a9f876dcb0
Event: 114.656 Thread 0x000001a9f876e380 Thread added: 0x000001a9f876e380
Event: 114.664 Thread 0x000001a9f876ea50 Thread added: 0x000001a9f876ea50
Event: 119.849 Thread 0x000001a9f876ea50 Thread exited: 0x000001a9f876ea50
Event: 122.520 Thread 0x000001a9f876e380 Thread exited: 0x000001a9f876e380
Event: 127.515 Thread 0x000001a9f876dcb0 Thread exited: 0x000001a9f876dcb0
Event: 128.176 Thread 0x000001a9f876d5e0 Thread exited: 0x000001a9f876d5e0
Event: 132.520 Thread 0x000001a9f876cf10 Thread exited: 0x000001a9f876cf10


Dynamic libraries:
0x00007ff7e06c0000 - 0x00007ff7e06ce000 	C:\pleiades\2024-06\java\21\bin\javaw.exe
0x00007ff8a6580000 - 0x00007ff8a67e3000 	C:\WINDOWS\SYSTEM32\ntdll.dll
0x00007ff8a5740000 - 0x00007ff8a5808000 	C:\WINDOWS\System32\KERNEL32.DLL
0x00007ff8a3de0000 - 0x00007ff8a4192000 	C:\WINDOWS\System32\KERNELBASE.dll
0x00007ff8a3c90000 - 0x00007ff8a3ddb000 	C:\WINDOWS\System32\ucrtbase.dll
0x00007ff884850000 - 0x00007ff88486b000 	C:\pleiades\2024-06\java\21\bin\VCRUNTIME140.dll
0x00007ff87aa50000 - 0x00007ff87aa68000 	C:\pleiades\2024-06\java\21\bin\jli.dll
0x00007ff8a5aa0000 - 0x00007ff8a5c68000 	C:\WINDOWS\System32\USER32.dll
0x00007ff8a42f0000 - 0x00007ff8a4317000 	C:\WINDOWS\System32\win32u.dll
0x00007ff883c40000 - 0x00007ff883ed0000 	C:\WINDOWS\WinSxS\amd64_microsoft.windows.common-controls_6595b64144ccf1df_6.0.26100.2454_none_3e0b68a2e331ad60\COMCTL32.dll
0x00007ff8a62b0000 - 0x00007ff8a62da000 	C:\WINDOWS\System32\GDI32.dll
0x00007ff8a3950000 - 0x00007ff8a3a7b000 	C:\WINDOWS\System32\gdi32full.dll
0x00007ff8a45b0000 - 0x00007ff8a4659000 	C:\WINDOWS\System32\msvcrt.dll
0x00007ff8a4240000 - 0x00007ff8a42e3000 	C:\WINDOWS\System32\msvcp_win.dll
0x00007ff8a5a60000 - 0x00007ff8a5a8f000 	C:\WINDOWS\System32\IMM32.DLL
0x00007ff87aac0000 - 0x00007ff87aacc000 	C:\pleiades\2024-06\java\21\bin\vcruntime140_1.dll
0x00007ff8049f0000 - 0x00007ff804a7e000 	C:\pleiades\2024-06\java\21\bin\msvcp140.dll
0x00007fffc6120000 - 0x00007fffc6ea2000 	C:\pleiades\2024-06\java\21\bin\server\jvm.dll
0x00007ff8a6420000 - 0x00007ff8a64d4000 	C:\WINDOWS\System32\ADVAPI32.dll
0x00007ff8a6370000 - 0x00007ff8a6416000 	C:\WINDOWS\System32\sechost.dll
0x00007ff8a4e90000 - 0x00007ff8a4fa6000 	C:\WINDOWS\System32\RPCRT4.dll
0x00007ff8a56c0000 - 0x00007ff8a5734000 	C:\WINDOWS\System32\WS2_32.dll
0x00007ff8a37e0000 - 0x00007ff8a382e000 	C:\WINDOWS\SYSTEM32\POWRPROF.dll
0x00007ff896bc0000 - 0x00007ff896bf6000 	C:\WINDOWS\SYSTEM32\WINMM.dll
0x00007ff88fd90000 - 0x00007ff88fd9b000 	C:\WINDOWS\SYSTEM32\VERSION.dll
0x00007ff8a37c0000 - 0x00007ff8a37d4000 	C:\WINDOWS\SYSTEM32\UMPDC.dll
0x00007ff8a2790000 - 0x00007ff8a27aa000 	C:\WINDOWS\SYSTEM32\kernel.appcore.dll
0x00007ff87aa20000 - 0x00007ff87aa2a000 	C:\pleiades\2024-06\java\21\bin\jimage.dll
0x00007ff8a1180000 - 0x00007ff8a13c1000 	C:\WINDOWS\SYSTEM32\DBGHELP.DLL
0x00007ff8a4750000 - 0x00007ff8a4ace000 	C:\WINDOWS\System32\combase.dll
0x00007ff8a4d20000 - 0x00007ff8a4df6000 	C:\WINDOWS\System32\OLEAUT32.dll
0x00007ff88b250000 - 0x00007ff88b289000 	C:\WINDOWS\SYSTEM32\dbgcore.DLL
0x00007ff8a41a0000 - 0x00007ff8a4239000 	C:\WINDOWS\System32\bcryptPrimitives.dll
0x00007ff803db0000 - 0x00007ff803dec000 	C:\pleiades\2024-06\java\21\bin\jdwp.dll
0x00007ff87aa10000 - 0x00007ff87aa1f000 	C:\pleiades\2024-06\java\21\bin\instrument.dll
0x00007ff87a980000 - 0x00007ff87a99f000 	C:\pleiades\2024-06\java\21\bin\java.dll
0x00007ff8a4fb0000 - 0x00007ff8a56b0000 	C:\WINDOWS\System32\SHELL32.dll
0x00007ff8a1630000 - 0x00007ff8a1e61000 	C:\WINDOWS\SYSTEM32\windows.storage.dll
0x00007ff8a5950000 - 0x00007ff8a5a2a000 	C:\WINDOWS\System32\SHCORE.dll
0x00007ff8a4ae0000 - 0x00007ff8a4b3d000 	C:\WINDOWS\System32\shlwapi.dll
0x00007ff8a3860000 - 0x00007ff8a388e000 	C:\WINDOWS\SYSTEM32\profapi.dll
0x00007ff87aa00000 - 0x00007ff87aa0b000 	C:\pleiades\2024-06\java\21\bin\dt_socket.dll
0x00007ff8a2180000 - 0x00007ff8a21b2000 	C:\WINDOWS\SYSTEM32\IPHLPAPI.DLL
0x00007ff8a2c90000 - 0x00007ff8a2cf8000 	C:\WINDOWS\system32\mswsock.dll
0x00007ff8a2220000 - 0x00007ff8a2345000 	C:\WINDOWS\SYSTEM32\DNSAPI.dll
0x00007ff8a5810000 - 0x00007ff8a581a000 	C:\WINDOWS\System32\NSI.dll
0x00007ff89cc40000 - 0x00007ff89cc4b000 	C:\Windows\System32\rasadhlp.dll
0x00007ff89d820000 - 0x00007ff89d8a5000 	C:\WINDOWS\System32\fwpuclnt.dll
0x00007ff879f90000 - 0x00007ff879fa8000 	C:\pleiades\2024-06\java\21\bin\zip.dll
0x00007ff87a970000 - 0x00007ff87a980000 	C:\pleiades\2024-06\java\21\bin\net.dll
0x00007ff89d560000 - 0x00007ff89d686000 	C:\WINDOWS\SYSTEM32\WINHTTP.dll
0x00007ff878e50000 - 0x00007ff878e66000 	C:\pleiades\2024-06\java\21\bin\nio.dll
0x00007ff87a7e0000 - 0x00007ff87a7ea000 	C:\pleiades\2024-06\java\21\bin\management.dll
0x00007ff879f20000 - 0x00007ff879f2b000 	C:\pleiades\2024-06\java\21\bin\management_ext.dll
0x00007ff8a62e0000 - 0x00007ff8a62e8000 	C:\WINDOWS\System32\PSAPI.DLL
0x00007ff818ea0000 - 0x00007ff818eb8000 	C:\WINDOWS\system32\napinsp.dll
0x00007ff818ec0000 - 0x00007ff818ed2000 	C:\WINDOWS\System32\winrnr.dll
0x00007ff87dd90000 - 0x00007ff87ddb2000 	C:\WINDOWS\system32\nlansp_c.dll
0x00007ff86c9f0000 - 0x00007ff86ca06000 	C:\WINDOWS\system32\wshbth.dll
0x00007ff8797f0000 - 0x00007ff879800000 	C:\pleiades\2024-06\java\21\bin\verify.dll
0x00007ff8a2f30000 - 0x00007ff8a2f4c000 	C:\WINDOWS\SYSTEM32\CRYPTSP.dll
0x00007ff8a26f0000 - 0x00007ff8a2728000 	C:\WINDOWS\system32\rsaenh.dll
0x00007ff8a2d30000 - 0x00007ff8a2d5b000 	C:\WINDOWS\SYSTEM32\USERENV.dll
0x00007ff8a3170000 - 0x00007ff8a3196000 	C:\WINDOWS\SYSTEM32\bcrypt.dll
0x00007ff8a2f50000 - 0x00007ff8a2f5c000 	C:\WINDOWS\SYSTEM32\CRYPTBASE.dll
0x00007ff878e40000 - 0x00007ff878e49000 	C:\pleiades\2024-06\java\21\bin\extnet.dll
0x00007ff875b30000 - 0x00007ff875b3e000 	C:\pleiades\2024-06\java\21\bin\sunmscapi.dll
0x00007ff8a3b10000 - 0x00007ff8a3c86000 	C:\WINDOWS\System32\CRYPT32.dll
0x00007ff8a3130000 - 0x00007ff8a3160000 	C:\WINDOWS\SYSTEM32\ncrypt.dll
0x00007ff8a30e0000 - 0x00007ff8a311f000 	C:\WINDOWS\SYSTEM32\NTASN1.dll
0x00007ff84f120000 - 0x00007ff84f128000 	C:\WINDOWS\system32\wshunix.dll

dbghelp: loaded successfully - version: 4.0.5 - missing functions: none
symbol engine: initialized successfully - sym options: 0x614 - pdb path: .;C:\pleiades\2024-06\java\21\bin;C:\WINDOWS\SYSTEM32;C:\WINDOWS\WinSxS\amd64_microsoft.windows.common-controls_6595b64144ccf1df_6.0.26100.2454_none_3e0b68a2e331ad60;C:\pleiades\2024-06\java\21\bin\server

VM Arguments:
jvm_args: -XX:+ShowCodeDetailsInExceptionMessages -agentlib:jdwp=transport=dt_socket,suspend=y,address=localhost:53621 -Dcom.sun.management.jmxremote -Dcom.sun.management.jmxremote.port=53620 -Dcom.sun.management.jmxremote.authenticate=false -Dcom.sun.management.jmxremote.ssl=false -Djava.rmi.server.hostname=localhost -Dspring.jmx.enabled=true -Dmanagement.endpoints.jmx.exposure.include=* -Dspring.application.admin.enabled=true -XX:TieredStopAtLevel=1 -Dspring.boot.project.name=ankiapp -javaagent:C:\pleiades\2023-06\eclipse\configuration\org.eclipse.osgi\965\0\.cp\lib\javaagent-shaded.jar -Dfile.encoding=UTF-8 -Dstdout.encoding=UTF-8 -Dstderr.encoding=UTF-8 
java_command: com.example.ankiapp.AnkiappApplication --spring.output.ansi.enabled=always
java_class_path (initial): C:\Users\mitok\OneDrive\fXNgbv\LAv\ankiapp\bin\main;C:\Users\mitok\.gradle\caches\modules-2\files-2.1\org.projectlombok\lombok\1.18.36\5a30490a6e14977d97d9c73c924c1f1b5311ea95\lombok-1.18.36.jar;C:\Users\mitok\.gradle\caches\modules-2\files-2.1\org.springframework.boot\spring-boot-starter-oauth2-authorization-server\3.4.0\945109c80129d997d9c8a07174cdc91ced20bcac\spring-boot-starter-oauth2-authorization-server-3.4.0.jar;C:\Users\mitok\.gradle\caches\modules-2\files-2.1\org.springframework.boot\spring-boot-starter-web\3.4.0\5447a62dc3dee3eadf2def23314e0db4c81bb3\spring-boot-starter-web-3.4.0.jar;C:\Users\mitok\.gradle\caches\modules-2\files-2.1\org.springframework.boot\spring-boot-starter-data-jpa\3.4.0\c6e24cab029e2b2ef36c4a5a5b1a82dbaa9d18c0\spring-boot-starter-data-jpa-3.4.0.jar;C:\Users\mitok\.gradle\caches\modules-2\files-2.1\org.springframework.boot\spring-boot-starter-security\3.4.0\b4027ba9875f9d78ffec7010da88c1e5b964d6ed\spring-boot-starter-security-3.4.0.jar;C:\Users\mitok\.gradle\caches\modules-2\files-2.1\org.springframework.boot\spring-boot-starter-validation\3.4.0\580aad0cdaf9d9f862e9703a612db95846055843\spring-boot-starter-validation-3.4.0.jar;C:\Users\mitok\.gradle\caches\modules-2\files-2.1\org.springframework.boot\spring-boot-starter-mail\3.4.0\8585601845d058f1c3a24206b79891b71ed0b097\spring-boot-starter-mail-3.4.0.jar;C:\Users\mitok\.gradle\caches\modules-2\files-2.1\org.springframework.boot\spring-boot-starter-thymeleaf\3.4.0\1ec7fdf829d485800146ec333d6e30af9fbc4830\spring-boot-starter-thymeleaf-3.4.0.jar;C:\Users\mitok\.gradle\caches\modules-2\files-2.1\org.springframework.boot\spring-boot-starter-aop\3.4.0\3b52be3d632640104438524fa90ac0df44676352\spring-boot-starter-aop-3.4.0.jar;C:\Users\mitok\.gradle\caches\modules-2\files-2.1\org.thymeleaf.extras\thymeleaf-extras-springsecurity6\3.1.2.RELEASE\574c188eb147191e2f162419e9fc780fcf3256d7\thymeleaf-extras-springsecurity6-3.1.2.RELEASE.jar;C:\Users\mitok\.gradle\caches\modules-2\files-2.1\org.mybatis.spring.boot\mybatis-spring-boot-starter\3.0.3\19528356bf8bad2be5f8bf796dfc30bcc4996054\mybatis-spring-boot-starter-3.0.3.jar;C:\Users\mitok\.gradle\caches\modules-2\files-2.1\org.webjars\bootstrap\5.3.3\3cba7ec0bf83f3bb02f15ba6ccb5177c714791f7\bootstrap-5.3.3.jar;C:\Users\mitok\.gradle\caches\modules-2\files-2.1\org.webjars\jquery\3.7.1\42088e652462c40a369b64d87e18e825644acfab\jquery-3.7.1.jar;C:\Users\mitok\.gradle\caches\modules-2\files-2.1\org.webjars\webjars-locator\0.52\6d044c69346138398b5e22815c9950c1229a28a9\webjars-locator-0.52.jar;C:\Users\mitok\.gradle\caches\modules-2\files-2.1\com.github.dozermapper\dozer-core\7.0.0\673428d8394bfc793ca2d339f95ff3eaa57a3f8c\dozer-core-7.0.0.jar;C:\Users\mitok\.gradle\caches\modules-2\files-2.1\org.springframework.boot\spring-boot-starter-json\3.4.0\b817379dd7629234dbacd52a7d5a6b11f95d8d67\spring-boot-starter-json-3.4.0.jar;C:\Users\mitok\.gradle\caches\modules-2\files-2.1\org.springframework.boot\spring-boot-starter-jdbc\3.4.0\8e24eb3bee1a26a5b0ef58ad677ac3f6bf58a4ea\spring-boot-starter-jdbc-3.4.0.jar;C:\Users\mitok\.gradle\caches\modules-2\files-2.1\org.springframework.boot\spring-boot-starter\3.4.0\81b6241291e468e5654a4df26ee8fb35c2879bbc\spring-boot-starter-3.4.0.jar;C:\Users\mitok\.gradle\caches\modules-2\files-2.1\org.springframework.boot\spring-boot-starter-tomcat\3.4.0\90a4cb855aa6fab8da0a3831d8fff5e5a9093d6a\spring-boot-starter-tomcat-3.4.0.jar;C:\Users\mitok\.gradle\caches\modules-2\files-2.1\org.springframework\spring-webmvc\6.2.0\2eddfeb4d7a12b1ed301bc07abc7e73bca94c2e9\spring-webmvc-6.2.0.jar;C:\Users\mitok\.gradle\caches\modules-2\files-2.1\org.springframework.security\spring-security-oauth2-authorization-server\1.4.0\65454198cb9679fda6485efe56b4a2cf7c47f78a\spring-security-oauth2-authorization-server-1.4.0.jar;C:\Users\mitok\.gradle\caches\modules-2\files-2.1\org.springframework.security\spring-security-oauth2-resource-server\6.4.1\d1928e0a9e525dfa8f43f796c231ad3aed6fd231\spring-security-oauth2-resource-server-6.4.1.jar;C:\Users\mitok\.gradle\caches\modules-2\files-2.1\org.springframework.security\spring-security-web\6.4.1\8dafeff9aa4e87c38b70d78e56388c50953549be\spring-security-web-6.4.1.jar;C:\Users\mitok\.gradle\caches\modules-2\files-2.1\org.springframework.security\spring-security-oauth2-jose\6.4.1\760b475847757507c471dd1b092cba2268475e30\spring-security-oauth2-jose-6.4.1.jar;C:\Users\mitok\.gradle\caches\modules-2\files-2.1\org.springframework.security\spring-security-oauth2-core\6.4.1\f800d5b830b6dd1e12a72355c3def01a950cdec6\spring-security-oauth2-core-6.4.1.jar;C:\Users\mitok\.gradle\caches\modules-2\files-2.1\org.springframework\spring-web\6.2.0\e1b702476fe83b2354baf88b8179f71c53fbbfae\spring-web-6.2.0.jar;C:\Users\mitok\.gradle\caches\modules-2\files-2.1\org.hibernate.orm\hibernate-core\6.6.2.Final\eb4edddac5d31e47c367dde7d7b53a2a87f364a6\hibernate-core-6.6.2.Final.jar;C:\Users\mitok\.gradle\caches\modules-2\files-2.1\org.springframework.data\spring-data-jpa\3.4.0\b4eba91ce346e78f66dcada67fc493b8acaeac69\spring-data-jpa-3.4.0.jar;C:\Users\mitok\.gradle\caches\modules-2\files-2.1\org.springframework\spring-aspects\6.2.0\b26611284cc7a5540c7dea3788cf79b1fa872f8b\spring-aspects-6.2.0.jar;C:\Users\mitok\.gradle\caches\modules-2\files-2.1\org.springframework.security\spring-security-config\6.4.1\99a10c3cf8d9ecf6da3170dd281f2a46cfc0393c\spring-security-config-6.4.1.jar;C:\Users\mitok\.gradle\caches\modules-2\files-2.1\org.springframework\spring-context-support\6.2.0\dc8c4dcd60296c8d1d2429a839581bf8f457c1ab\spring-context-support-6.2.0.jar;C:\Users\mitok\.gradle\caches\modules-2\files-2.1\org.mybatis.spring.boot\mybatis-spring-boot-autoconfigure\3.0.3\b73a2effa4f60a2eeca98aa12ea3437faede0f73\mybatis-spring-boot-autoconfigure-3.0.3.jar;C:\Users\mitok\.gradle\caches\modules-2\files-2.1\org.springframework.boot\spring-boot-autoconfigure\3.4.0\2cf78b01be25952c96cb8ee60b4b0562b3a136f2\spring-boot-autoconfigure-3.4.0.jar;C:\Users\mitok\.gradle\caches\modules-2\files-2.1\org.springframework.boot\spring-boot\3.4.0\cbc6c54cc6958a5e24872025e0d6ff0c87ed3594\spring-boot-3.4.0.jar;C:\Users\mitok\.gradle\caches\modules-2\files-2.1\org.springframework.security\spring-security-core\6.4.1\237c40a19bd02fa7d09e1b9456d6c603c6777e60\spring-security-core-6.4.1.jar;C:\Users\mitok\.gradle\caches\modules-2\files-2.1\org.springframework\spring-context\6.2.0\c08dc2bbbe833de7ceda56e8b8bbcc7014413a2a\spring-context-6.2.0.jar;C:\Users\mitok\.gradle\caches\modules-2\files-2.1\org.springframework\spring-aop\6.2.0\999012dfb56640f7babdf4f6c55b3f59c1596f3f\spring-aop-6.2.0.jar;C:\Users\mitok\.gradle\caches\modules-2\files-2.1\org.apache.tomcat.embed\tomcat-embed-el\10.1.33\6cdf9afcb8577309fae1181e0a5f2f8cff559d97\tomcat-embed-el-10.1.33.jar;C:\Users\mitok\.gradle\caches\modules-2\files-2.1\org.hibernate.validator\hibernate-validator\8.0.1.Final\e49e116b3d3928060599b176b3538bb848718e95\hibernate-validator-8.0.1.Final.jar;C:\Users\mitok\.gradle\caches\modules-2\files-2.1\org.eclipse.angus\jakarta.mail\2.0.3\3dea6aeee9603f573687b0d4da5dc1316d921bb7\jakarta.mail-2.0.3.jar;C:\Users\mitok\.gradle\caches\modules-2\files-2.1\org.thymeleaf\thymeleaf-spring6\3.1.2.RELEASE\6030c7b4e260c41336f378e53da6e8531263f24b\thymeleaf-spring6-3.1.2.RELEASE.jar;C:\Users\mitok\.gradle\caches\modules-2\files-2.1\org.aspectj\aspectjweaver\1.9.22.1\bca243d0af0db4758fbae45c5f4995cb5dabb612\aspectjweaver-1.9.22.1.jar;C:\Users\mitok\.gradle\caches\modules-2\files-2.1\org.webjars\webjars-locator-core\0.59\a25e04cb0437d88eb177af1dface14edcd0cd767\webjars-locator-core-0.59.jar;C:\Users\mitok\.gradle\caches\modules-2\files-2.1\org.slf4j\jcl-over-slf4j\2.0.16\9d08badad22f1ac07deac9188ade596472a2bfd9\jcl-over-slf4j-2.0.16.jar;C:\Users\mitok\.gradle\caches\modules-2\files-2.1\com.zaxxer\HikariCP\5.1.0\8c96e36c14461fc436bb02b264b96ef3ca5dca8c\HikariCP-5.1.0.jar;C:\Users\mitok\.gradle\caches\modules-2\files-2.1\org.springframework.data\spring-data-commons\3.4.0\18db6a4614e253a642b06a38a359b8d56b855be1\spring-data-commons-3.4.0.jar;C:\Users\mitok\.gradle\caches\modules-2\files-2.1\org.thymeleaf\thymeleaf\3.1.2.RELEASE\273997509a4c7aef86cee0521750140c587d9be2\thymeleaf-3.1.2.RELEASE.jar;C:\Users\mitok\.gradle\caches\modules-2\files-2.1\org.springframework.boot\spring-boot-starter-logging\3.4.0\10d953f63139bf05ca8bee79272aadac745e297e\spring-boot-starter-logging-3.4.0.jar;C:\Users\mitok\.gradle\caches\modules-2\files-2.1\ch.qos.logback\logback-classic\1.5.12\3790d1a62e868f7915776dfb392bd9a29ce8d954\logback-classic-1.5.12.jar;C:\Users\mitok\.gradle\caches\modules-2\files-2.1\org.apache.logging.log4j\log4j-to-slf4j\2.24.1\fc8228007ccbf3bcdd9c6045de2c20bd03dbcf6e\log4j-to-slf4j-2.24.1.jar;C:\Users\mitok\.gradle\caches\modules-2\files-2.1\org.slf4j\jul-to-slf4j\2.0.16\6d57da3e961daac65bcca0dd3def6cd11e48a24a\jul-to-slf4j-2.0.16.jar;C:\Users\mitok\.gradle\caches\modules-2\files-2.1\org.slf4j\slf4j-api\2.0.16\172931663a09a1fa515567af5fbef00897d3c04\slf4j-api-2.0.16.jar;C:\Users\mitok\.gradle\caches\modules-2\files-2.1\org.mybatis\mybatis\3.5.14\d94d2267d1caf1c31748123e671dcea5ad1a6f8\mybatis-3.5.14.jar;C:\Users\mitok\.gradle\caches\modules-2\files-2.1\org.mybatis\mybatis-spring\3.0.3\5a4ab31bfb62bca615b39ade93de2a607e9b9403\mybatis-spring-3.0.3.jar;C:\Users\mitok\.gradle\caches\modules-2\files-2.1\com.fasterxml.jackson.datatype\jackson-datatype-jsr310\2.18.1\36e49c07197395164d50df4b8ed17f5fc05430f0\jackson-datatype-jsr310-2.18.1.jar;C:\Users\mitok\.gradle\caches\modules-2\files-2.1\com.fasterxml.jackson.module\jackson-module-parameter-names\2.18.1\202b447a91d5466433f91690f9414dd466dcbc2b\jackson-module-parameter-names-2.18.1.jar;C:\Users\mitok\.gradle\caches\modules-2\files-2.1\com.fasterxml.jackson.core\jackson-core\2.18.1\9e2284c539e2dedd2aa1487c781e20a0f575d695\jackson-core-2.18.1.jar;C:\Users\mitok\.gradle\caches\modules-2\files-2.1\com.fasterxml.jackson.core\jackson-annotations\2.18.1\8f9aa97e7fb44d4bea829061625472b0f6199923\jackson-annotations-2.18.1.jar;C:\Users\mitok\.gradle\caches\modules-2\files-2.1\com.fasterxml.jackson.datatype\jackson-datatype-jdk8\2.18.1\944810b96bfe1d149ecdafb1228537610e14367a\jackson-datatype-jdk8-2.18.1.jar;C:\Users\mitok\.gradle\caches\modules-2\files-2.1\com.fasterxml.jackson.core\jackson-databind\2.18.1\66547d0c6c2f9e022019499308f09bebbf30ab2e\jackson-databind-2.18.1.jar;C:\Users\mitok\.gradle\caches\modules-2\files-2.1\org.apache.commons\commons-text\1.11.0\2bb044b7717ec2eccaf9ea7769c1509054b50e9a\commons-text-1.11.0.jar;C:\Users\mitok\.gradle\caches\modules-2\files-2.1\com.github.spullara.mustache.java\compiler\0.9.11\1bce858aca4f0ce93fdb939de8c8474431c06322\compiler-0.9.11.jar;C:\Users\mitok\.gradle\caches\modules-2\files-2.1\commons-beanutils\commons-beanutils\1.9.4\d52b9abcd97f38c81342bb7e7ae1eee9b73cba51\commons-beanutils-1.9.4.jar;C:\Users\mitok\.gradle\caches\modules-2\files-2.1\org.apache.commons\commons-lang3\3.17.0\b17d2136f0460dcc0d2016ceefca8723bdf4ee70\commons-lang3-3.17.0.jar;C:\Users\mitok\.gradle\caches\modules-2\files-2.1\commons-io\commons-io\2.15.1\f11560da189ab563a5c8e351941415430e9304ea\commons-io-2.15.1.jar;C:\Users\mitok\.gradle\caches\modules-2\files-2.1\org.glassfish.jaxb\jaxb-xjc\4.0.5\bb71e2d9ca1199c2ccb3818f2ae1f92c0c03d76\jaxb-xjc-4.0.5.jar;C:\Users\mitok\.gradle\caches\modules-2\files-2.1\org.glassfish.jaxb\jaxb-core\4.0.5\7b4b11ea5542eea4ad55e1080b23be436795b3\jaxb-core-4.0.5.jar;C:\Users\mitok\.gradle\caches\modules-2\files-2.1\jakarta.xml.bind\jakarta.xml.bind-api\4.0.2\6cd5a999b834b63238005b7144136379dc36cad2\jakarta.xml.bind-api-4.0.2.jar;C:\Users\mitok\.gradle\caches\modules-2\files-2.1\org.objenesis\objenesis\3.3\1049c09f1de4331e8193e579448d0916d75b7631\objenesis-3.3.jar;C:\Users\mitok\.gradle\caches\modules-2\files-2.1\jakarta.annotation\jakarta.annotation-api\2.1.1\48b9bda22b091b1f48b13af03fe36db3be6e1ae3\jakarta.annotation-api-2.1.1.jar;C:\Users\mitok\.gradle\caches\modules-2\files-2.1\org.springframework\spring-orm\6.2.0\e02bdeb64ee3986d0e8cf0b53dbb4ca89d25f606\spring-orm-6.2.0.jar;C:\Users\mitok\.gradle\caches\modules-2\files-2.1\org.springframework\spring-jdbc\6.2.0\3907c5ca693671d164fbb056e40146a80c1c39ee\spring-jdbc-6.2.0.jar;C:\Users\mitok\.gradle\caches\modules-2\files-2.1\org.springframework\spring-tx\6.2.0\940031e305c992e11d52cb3e75fb71f71bf5a19d\spring-tx-6.2.0.jar;C:\Users\mitok\.gradle\caches\modules-2\files-2.1\org.springframework\spring-beans\6.2.0\972694ca3c2f44d64d55429dfcc6ca2dfa9fddf\spring-beans-6.2.0.jar;C:\Users\mitok\.gradle\caches\modules-2\files-2.1\org.springframework\spring-expression\6.2.0\7e92dcd147157641446081db281e9437d8f4dcd\spring-expression-6.2.0.jar;C:\Users\mitok\.gradle\caches\modules-2\files-2.1\org.springframework\spring-core\6.2.0\b0d65768b9f99204857dc9a5548443c04ba61c79\spring-core-6.2.0.jar;C:\Users\mitok\.gradle\caches\modules-2\files-2.1\org.yaml\snakeyaml\2.3\936b36210e27320f920536f695cf1af210c44586\snakeyaml-2.3.jar;C:\Users\mitok\.gradle\caches\modules-2\files-2.1\org.apache.tomcat.embed\tomcat-embed-websocket\10.1.33\67feeb848bf741029ed7a0fe91bcae515e7b1c25\tomcat-embed-websocket-10.1.33.jar;C:\Users\mitok\.gradle\caches\modules-2\files-2.1\org.apache.tomcat.embed\tomcat-embed-core\10.1.33\d4d10b953164db057e4a803506e4552731e5a6a0\tomcat-embed-core-10.1.33.jar;C:\Users\mitok\.gradle\caches\modules-2\files-2.1\io.micrometer\micrometer-observation\1.14.1\db326347a09c9c18b4149aae98b38d280cafdeb9\micrometer-observation-1.14.1.jar;C:\Users\mitok\.gradle\caches\modules-2\files-2.1\jakarta.persistence\jakarta.persistence-api\3.1.0\66901fa1c373c6aff65c13791cc11da72060a8d6\jakarta.persistence-api-3.1.0.jar;C:\Users\mitok\.gradle\caches\modules-2\files-2.1\jakarta.transaction\jakarta.transaction-api\2.0.1\51a520e3fae406abb84e2e1148e6746ce3f80a1a\jakarta.transaction-api-2.0.1.jar;C:\Users\mitok\.gradle\caches\modules-2\files-2.1\org.antlr\antlr4-runtime\4.13.0\5a02e48521624faaf5ff4d99afc88b01686af655\antlr4-runtime-4.13.0.jar;C:\Users\mitok\.gradle\caches\modules-2\files-2.1\jakarta.validation\jakarta.validation-api\3.0.2\92b6631659ba35ca09e44874d3eb936edfeee532\jakarta.validation-api-3.0.2.jar;C:\Users\mitok\.gradle\caches\modules-2\files-2.1\org.jboss.logging\jboss-logging\3.6.1.Final\886afbb445b4016a37c8960a7aef6ebd769ce7e5\jboss-logging-3.6.1.Final.jar;C:\Users\mitok\.gradle\caches\modules-2\files-2.1\com.fasterxml\classmate\1.7.0\e98374da1f2143ac8e6e0a95036994bb19137a3\classmate-1.7.0.jar;C:\Users\mitok\.gradle\caches\modules-2\files-2.1\jakarta.activation\jakarta.activation-api\2.1.3\fa165bd70cda600368eee31555222776a46b881f\jakarta.activation-api-2.1.3.jar;C:\Users\mitok\.gradle\caches\modules-2\files-2.1\com.nimbusds\nimbus-jose-jwt\9.47\e81c184fca5c137b6d3695868f73f4d9aa686244\nimbus-jose-jwt-9.47.jar;C:\Users\mitok\.gradle\caches\modules-2\files-2.1\io.github.classgraph\classgraph\4.8.173\236e1b4360bf078142902c6c3ca80a03bfa95d5d\classgraph-4.8.173.jar;C:\Users\mitok\.gradle\caches\modules-2\files-2.1\commons-collections\commons-collections\3.2.2\8ad72fe39fa8c91eaaf12aadb21e0c3661fe26d5\commons-collections-3.2.2.jar;C:\Users\mitok\.gradle\caches\modules-2\files-2.1\org.glassfish.jaxb\xsom\4.0.5\ab8587d9df8baa8cd86f0026ab526cbcb7ab1edf\xsom-4.0.5.jar;C:\Users\mitok\.gradle\caches\modules-2\files-2.1\org.glassfish.jaxb\codemodel\4.0.5\864b81adf23a01d8ada0c41c321a5abf3da7b909\codemodel-4.0.5.jar;C:\Users\mitok\.gradle\caches\modules-2\files-2.1\com.sun.xml.bind.external\rngom\4.0.5\1e9cb44bc280097458096d2f08fdb1ce93cc2fe6\rngom-4.0.5.jar;C:\Users\mitok\.gradle\caches\modules-2\files-2.1\com.sun.xml.dtd-parser\dtd-parser\1.5.1\ea83eb8230febbd72c56f11c11bbd1c75a904c35\dtd-parser-1.5.1.jar;C:\Users\mitok\.gradle\caches\modules-2\files-2.1\com.sun.istack\istack-commons-tools\4.1.2\585c1af261fbc0b0cccf72f4d6c5ff11c1e596b1\istack-commons-tools-4.1.2.jar;C:\Users\mitok\.gradle\caches\modules-2\files-2.1\org.springframework\spring-jcl\6.2.0\2b8e7bb1e751bf585e7db6de1d375c599e0c8cf5\spring-jcl-6.2.0.jar;C:\Users\mitok\.gradle\caches\modules-2\files-2.1\io.micrometer\micrometer-commons\1.14.1\b7cf441e6c9de70794b09086751a8ec0e311d47e\micrometer-commons-1.14.1.jar;C:\Users\mitok\.gradle\caches\modules-2\files-2.1\org.springframework.security\spring-security-crypto\6.4.1\f5a3c34ffb1ff2650724f25586326cd78778eacc\spring-security-crypto-6.4.1.jar;C:\Users\mitok\.gradle\caches\modules-2\files-2.1\org.attoparser\attoparser\2.0.7.RELEASE\e5d0e988d9124139d645bb5872b24dfa23e283cc\attoparser-2.0.7.RELEASE.jar;C:\Users\mitok\.gradle\caches\modules-2\files-2.1\org.unbescape\unbescape\1.1.6.RELEASE\7b90360afb2b860e09e8347112800d12c12b2a13\unbescape-1.1.6.RELEASE.jar;C:\Users\mitok\.gradle\caches\modules-2\files-2.1\org.glassfish.jaxb\txw2\4.0.5\f36a4ef12120a9bb06d766d6a0e54b144fd7ed98\txw2-4.0.5.jar;C:\Users\mitok\.gradle\caches\modules-2\files-2.1\com.sun.istack\istack-commons-runtime\4.1.2\18ec117c85f3ba0ac65409136afa8e42bc74e739\istack-commons-runtime-4.1.2.jar;C:\Users\mitok\.gradle\caches\modules-2\files-2.1\com.sun.xml.bind.external\relaxng-datatype\4.0.5\49fc6b58302234b638c3ab48518c51d34cd565b\relaxng-datatype-4.0.5.jar;C:\Users\mitok\.gradle\caches\modules-2\files-2.1\ch.qos.logback\logback-core\1.5.12\65b1fa25fe8d8e4bdc140e79eb67ac6741f775e2\logback-core-1.5.12.jar;C:\Users\mitok\.gradle\caches\modules-2\files-2.1\org.apache.logging.log4j\log4j-api\2.24.1\7ebeb12c20606373005af4232cd0ecca72613dda\log4j-api-2.24.1.jar;C:\Users\mitok\.gradle\caches\modules-2\files-2.1\org.springframework.boot\spring-boot-devtools\3.4.0\21d0e006937138605c3a7da926483f1884d8dfb0\spring-boot-devtools-3.4.0.jar;C:\Users\mitok\.gradle\caches\modules-2\files-2.1\org.postgresql\postgresql\42.7.4\264310fd7b2cd76738787dc0b9f7ea2e3b11adc1\postgresql-42.7.4.jar;C:\Users\mitok\.gradle\caches\modules-2\files-2.1\org.glassfish.jaxb\jaxb-runtime\4.0.5\ca84c2a7169b5293e232b9d00d1e4e36d4c3914a\jaxb-runtime-4.0.5.jar;C:\Users\mitok\.gradle\caches\modules-2\files-2.1\org.checkerframework\checker-qual\3.42.0\638ec33f363a94d41a4f03c3e7d3dcfba64e402d\checker-qual-3.42.0.jar;C:\Users\mitok\.gradle\caches\modules-2\files-2.1\org.hibernate.common\hibernate-commons-annotations\7.0.3.Final\e183c4be8bb41d12e9f19b374e00c34a0a85f439\hibernate-commons-annotations-7.0.3.Final.jar;C:\Users\mitok\.gradle\caches\modules-2\files-2.1\io.smallrye\jandex\3.2.0\f17ad860f62a08487b9edabde608f8ac55c62fa7\jandex-3.2.0.jar;C:\Users\mitok\.gradle\caches\modules-2\files-2.1\net.bytebuddy\byte-buddy\1.15.10\635c873fadd853c084f84fdc3cbd58c5dd8537f9\byte-buddy-1.15.10.jar;C:\Users\mitok\.gradle\caches\modules-2\files-2.1\jakarta.inject\jakarta.inject-api\2.0.1\4c28afe1991a941d7702fe1362c365f0a8641d1e\jakarta.inject-api-2.0.1.jar;C:\Users\mitok\.gradle\caches\modules-2\files-2.1\org.eclipse.angus\angus-activation\2.0.2\41f1e0ddd157c856926ed149ab837d110955a9fc\angus-activation-2.0.2.jar
Launcher Type: SUN_STANDARD

[Global flags]
     intx CICompilerCount                          = 12                                        {product} {ergonomic}
     uint ConcGCThreads                            = 3                                         {product} {ergonomic}
     uint G1ConcRefinementThreads                  = 13                                        {product} {ergonomic}
   size_t G1HeapRegionSize                         = 4194304                                   {product} {ergonomic}
    uintx GCDrainStackTargetSize                   = 64                                        {product} {ergonomic}
   size_t InitialHeapSize                          = 532676608                                 {product} {ergonomic}
     bool ManagementServer                         = true                                      {product} {command line}
   size_t MarkStackSize                            = 4194304                                   {product} {ergonomic}
   size_t MaxHeapSize                              = 8501854208                                {product} {ergonomic}
   size_t MaxNewSize                               = 5100273664                                {product} {ergonomic}
   size_t MinHeapDeltaBytes                        = 4194304                                   {product} {ergonomic}
   size_t MinHeapSize                              = 8388608                                   {product} {ergonomic}
    uintx NonNMethodCodeHeapSize                   = 4096                                   {pd product} {ergonomic}
    uintx NonProfiledCodeHeapSize                  = 0                                      {pd product} {ergonomic}
     bool ProfileInterpreter                       = false                                  {pd product} {command line}
    uintx ProfiledCodeHeapSize                     = 0                                      {pd product} {ergonomic}
     bool ShowCodeDetailsInExceptionMessages       = true                                   {manageable} {command line}
   size_t SoftMaxHeapSize                          = 8501854208                             {manageable} {ergonomic}
     intx TieredStopAtLevel                        = 1                                         {product} {command line}
     bool UseCompressedOops                        = true                           {product lp64_product} {ergonomic}
     bool UseG1GC                                  = true                                      {product} {ergonomic}
     bool UseLargePagesIndividualAllocation        = false                                  {pd product} {ergonomic}

Logging:
Log output configuration:
 #0: stdout all=warning uptime,level,tags foldmultilines=false
 #1: stderr all=off uptime,level,tags foldmultilines=false

Environment Variables:
JAVA_HOME=C:\pleiades\2024-06\java\21
PATH=C:/pleiades/2023-06/eclipse//plugins/org.eclipse.justj.openjdk.hotspot.jre.full.win32.x86_64_21.0.4.v20240802-1551/jre/bin/server;C:/pleiades/2023-06/eclipse//plugins/org.eclipse.justj.openjdk.hotspot.jre.full.win32.x86_64_21.0.4.v20240802-1551/jre/bin;C:\pleiades\2024-06\java\21\bin;C:\Program Files\Common Files\Oracle\Java\javapath;C:\Program Files (x86)\Common Files\Oracle\Java\java8path;C:\Program Files (x86)\Common Files\Oracle\Java\javapath;C:\WINDOWS\system32;C:\WINDOWS;C:\WINDOWS\System32\Wbem;C:\WINDOWS\System32\WindowsPowerShell\v1.0\;C:\WINDOWS\System32\OpenSSH\;C:\Program Files\Java\jdk-21\bin;C:\Users\mitok\AppData\Local\Programs\Eclipse Adoptium\jdk-21.0.5.11-hotspot\bin;C:\Users\mitok\AppData\Local\Microsoft\WindowsApps;C:\Users\mitok\AppData\Local\Programs\Microsoft VS Code\bin;C:\opencv\build\java\x64;;C:\pleiades\2023-06\eclipse;
USERNAME=mitok
OS=Windows_NT
PROCESSOR_IDENTIFIER=Intel64 Family 6 Model 186 Stepping 2, GenuineIntel
TMP=C:\Users\mitok\AppData\Local\Temp
TEMP=C:\Users\mitok\AppData\Local\Temp




Periodic native trim disabled

---------------  S Y S T E M  ---------------

OS:
 Windows 11 , 64 bit Build 26100 (10.0.26100.2454)
OS uptime: 2 days 11:09 hours
Hyper-V role detected

CPU: total 16 (initial active 16) (8 cores per cpu, 2 threads per core) family 6 model 186 stepping 2 microcode 0x4121, cx8, cmov, fxsr, ht, mmx, 3dnowpref, sse, sse2, sse3, ssse3, sse4.1, sse4.2, popcnt, lzcnt, tsc, tscinvbit, avx, avx2, aes, erms, clmul, bmi1, bmi2, adx, sha, fma, vzeroupper, clflush, clflushopt, clwb, hv, serialize, rdtscp, rdpid, fsrm, f16c, cet_ibt, cet_ss
Processor Information for all 16 processors :
  Max Mhz: 2200, Current Mhz: 2200, Mhz Limit: 2200

Memory: 4k page, system-wide physical 32421M (16667M free)
TotalPageFile size 34469M (AvailPageFile size 15811M)
current process WorkingSet (physical memory assigned to process): 402M, peak: 486M
current process commit charge ("private bytes"): 457M, peak: 644M

vm_info: OpenJDK 64-Bit Server VM (21.0.3+9-LTS) for windows-amd64 JRE (21.0.3+9-LTS), built on 2024-04-16T00:00:00Z by "admin" with MS VC++ 17.7 (VS2022)

END.
